This is pdfTeX, Version 3.14159265-2.6-1.40.18 (TeX Live 2017/W32TeX) (preloaded format=pdflatex 2018.3.16)  1 JUL 2019 20:17
entering extended mode
 \write18 enabled.
 %&-line parsing enabled.
**./Kursach.tex
(./Kursach.tex
LaTeX2e <2017-04-15>
Babel <3.18> and hyphenation patterns for 84 language(s) loaded.
(c:/texlive/2017/texmf-dist/tex/latex/base/article.cls
Document Class: article 2014/09/29 v1.4h Standard LaTeX document class
(c:/texlive/2017/texmf-dist/tex/latex/base/size12.clo
File: size12.clo 2014/09/29 v1.4h Standard LaTeX file (size option)
)
\c@part=\count79
\c@section=\count80
\c@subsection=\count81
\c@subsubsection=\count82
\c@paragraph=\count83
\c@subparagraph=\count84
\c@figure=\count85
\c@table=\count86
\abovecaptionskip=\skip41
\belowcaptionskip=\skip42
\bibindent=\dimen102
)
(c:/texlive/2017/texmf-dist/tex/latex/cmap/cmap.sty
Package: cmap 2008/03/06 v1.0h CMap support: searchable PDF
)
(c:/texlive/2017/texmf-dist/tex/latex/t2/mathtext.sty
Package: mathtext 1999/01/28 v1.0 transparent text-and-math defs
LaTeX Info: Redefining \halign on input line 111.
)
(c:/texlive/2017/texmf-dist/tex/latex/base/fontenc.sty
Package: fontenc 2017/04/05 v2.0i Standard LaTeX package

(c:/texlive/2017/texmf-dist/tex/latex/cyrillic/t2aenc.def
File: t2aenc.def 2005/09/27 v1.0i Cyrillic encoding definition file
\symT2Aletters=\mathgroup4
)
LaTeX Font Info:    Try loading font information for T2A+cmr on input line 105.


(c:/texlive/2017/texmf-dist/tex/latex/cyrillic/t2acmr.fd
File: t2acmr.fd 2001/08/11 v1.0a Computer Modern Cyrillic font definitions
)<<t2a.cmap>>)
(c:/texlive/2017/texmf-dist/tex/latex/base/inputenc.sty
Package: inputenc 2015/03/17 v1.2c Input encoding file
\inpenc@prehook=\toks14
\inpenc@posthook=\toks15

(c:/texlive/2017/texmf-dist/tex/latex/base/utf8.def
File: utf8.def 2017/01/28 v1.1t UTF-8 support for inputenc
Now handling font encoding OML ...
... no UTF-8 mapping file for font encoding OML
Now handling font encoding T1 ...
... processing UTF-8 mapping file for font encoding T1

(c:/texlive/2017/texmf-dist/tex/latex/base/t1enc.dfu
File: t1enc.dfu 2017/01/28 v1.1t UTF-8 support for inputenc
   defining Unicode char U+00A0 (decimal 160)
   defining Unicode char U+00A1 (decimal 161)
   defining Unicode char U+00A3 (decimal 163)
   defining Unicode char U+00AB (decimal 171)
   defining Unicode char U+00AD (decimal 173)
   defining Unicode char U+00BB (decimal 187)
   defining Unicode char U+00BF (decimal 191)
   defining Unicode char U+00C0 (decimal 192)
   defining Unicode char U+00C1 (decimal 193)
   defining Unicode char U+00C2 (decimal 194)
   defining Unicode char U+00C3 (decimal 195)
   defining Unicode char U+00C4 (decimal 196)
   defining Unicode char U+00C5 (decimal 197)
   defining Unicode char U+00C6 (decimal 198)
   defining Unicode char U+00C7 (decimal 199)
   defining Unicode char U+00C8 (decimal 200)
   defining Unicode char U+00C9 (decimal 201)
   defining Unicode char U+00CA (decimal 202)
   defining Unicode char U+00CB (decimal 203)
   defining Unicode char U+00CC (decimal 204)
   defining Unicode char U+00CD (decimal 205)
   defining Unicode char U+00CE (decimal 206)
   defining Unicode char U+00CF (decimal 207)
   defining Unicode char U+00D0 (decimal 208)
   defining Unicode char U+00D1 (decimal 209)
   defining Unicode char U+00D2 (decimal 210)
   defining Unicode char U+00D3 (decimal 211)
   defining Unicode char U+00D4 (decimal 212)
   defining Unicode char U+00D5 (decimal 213)
   defining Unicode char U+00D6 (decimal 214)
   defining Unicode char U+00D8 (decimal 216)
   defining Unicode char U+00D9 (decimal 217)
   defining Unicode char U+00DA (decimal 218)
   defining Unicode char U+00DB (decimal 219)
   defining Unicode char U+00DC (decimal 220)
   defining Unicode char U+00DD (decimal 221)
   defining Unicode char U+00DE (decimal 222)
   defining Unicode char U+00DF (decimal 223)
   defining Unicode char U+00E0 (decimal 224)
   defining Unicode char U+00E1 (decimal 225)
   defining Unicode char U+00E2 (decimal 226)
   defining Unicode char U+00E3 (decimal 227)
   defining Unicode char U+00E4 (decimal 228)
   defining Unicode char U+00E5 (decimal 229)
   defining Unicode char U+00E6 (decimal 230)
   defining Unicode char U+00E7 (decimal 231)
   defining Unicode char U+00E8 (decimal 232)
   defining Unicode char U+00E9 (decimal 233)
   defining Unicode char U+00EA (decimal 234)
   defining Unicode char U+00EB (decimal 235)
   defining Unicode char U+00EC (decimal 236)
   defining Unicode char U+00ED (decimal 237)
   defining Unicode char U+00EE (decimal 238)
   defining Unicode char U+00EF (decimal 239)
   defining Unicode char U+00F0 (decimal 240)
   defining Unicode char U+00F1 (decimal 241)
   defining Unicode char U+00F2 (decimal 242)
   defining Unicode char U+00F3 (decimal 243)
   defining Unicode char U+00F4 (decimal 244)
   defining Unicode char U+00F5 (decimal 245)
   defining Unicode char U+00F6 (decimal 246)
   defining Unicode char U+00F8 (decimal 248)
   defining Unicode char U+00F9 (decimal 249)
   defining Unicode char U+00FA (decimal 250)
   defining Unicode char U+00FB (decimal 251)
   defining Unicode char U+00FC (decimal 252)
   defining Unicode char U+00FD (decimal 253)
   defining Unicode char U+00FE (decimal 254)
   defining Unicode char U+00FF (decimal 255)
   defining Unicode char U+0100 (decimal 256)
   defining Unicode char U+0101 (decimal 257)
   defining Unicode char U+0102 (decimal 258)
   defining Unicode char U+0103 (decimal 259)
   defining Unicode char U+0104 (decimal 260)
   defining Unicode char U+0105 (decimal 261)
   defining Unicode char U+0106 (decimal 262)
   defining Unicode char U+0107 (decimal 263)
   defining Unicode char U+0108 (decimal 264)
   defining Unicode char U+0109 (decimal 265)
   defining Unicode char U+010A (decimal 266)
   defining Unicode char U+010B (decimal 267)
   defining Unicode char U+010C (decimal 268)
   defining Unicode char U+010D (decimal 269)
   defining Unicode char U+010E (decimal 270)
   defining Unicode char U+010F (decimal 271)
   defining Unicode char U+0110 (decimal 272)
   defining Unicode char U+0111 (decimal 273)
   defining Unicode char U+0112 (decimal 274)
   defining Unicode char U+0113 (decimal 275)
   defining Unicode char U+0114 (decimal 276)
   defining Unicode char U+0115 (decimal 277)
   defining Unicode char U+0116 (decimal 278)
   defining Unicode char U+0117 (decimal 279)
   defining Unicode char U+0118 (decimal 280)
   defining Unicode char U+0119 (decimal 281)
   defining Unicode char U+011A (decimal 282)
   defining Unicode char U+011B (decimal 283)
   defining Unicode char U+011C (decimal 284)
   defining Unicode char U+011D (decimal 285)
   defining Unicode char U+011E (decimal 286)
   defining Unicode char U+011F (decimal 287)
   defining Unicode char U+0120 (decimal 288)
   defining Unicode char U+0121 (decimal 289)
   defining Unicode char U+0122 (decimal 290)
   defining Unicode char U+0123 (decimal 291)
   defining Unicode char U+0124 (decimal 292)
   defining Unicode char U+0125 (decimal 293)
   defining Unicode char U+0128 (decimal 296)
   defining Unicode char U+0129 (decimal 297)
   defining Unicode char U+012A (decimal 298)
   defining Unicode char U+012B (decimal 299)
   defining Unicode char U+012C (decimal 300)
   defining Unicode char U+012D (decimal 301)
   defining Unicode char U+012E (decimal 302)
   defining Unicode char U+012F (decimal 303)
   defining Unicode char U+0130 (decimal 304)
   defining Unicode char U+0131 (decimal 305)
   defining Unicode char U+0132 (decimal 306)
   defining Unicode char U+0133 (decimal 307)
   defining Unicode char U+0134 (decimal 308)
   defining Unicode char U+0135 (decimal 309)
   defining Unicode char U+0136 (decimal 310)
   defining Unicode char U+0137 (decimal 311)
   defining Unicode char U+0139 (decimal 313)
   defining Unicode char U+013A (decimal 314)
   defining Unicode char U+013B (decimal 315)
   defining Unicode char U+013C (decimal 316)
   defining Unicode char U+013D (decimal 317)
   defining Unicode char U+013E (decimal 318)
   defining Unicode char U+0141 (decimal 321)
   defining Unicode char U+0142 (decimal 322)
   defining Unicode char U+0143 (decimal 323)
   defining Unicode char U+0144 (decimal 324)
   defining Unicode char U+0145 (decimal 325)
   defining Unicode char U+0146 (decimal 326)
   defining Unicode char U+0147 (decimal 327)
   defining Unicode char U+0148 (decimal 328)
   defining Unicode char U+014A (decimal 330)
   defining Unicode char U+014B (decimal 331)
   defining Unicode char U+014C (decimal 332)
   defining Unicode char U+014D (decimal 333)
   defining Unicode char U+014E (decimal 334)
   defining Unicode char U+014F (decimal 335)
   defining Unicode char U+0150 (decimal 336)
   defining Unicode char U+0151 (decimal 337)
   defining Unicode char U+0152 (decimal 338)
   defining Unicode char U+0153 (decimal 339)
   defining Unicode char U+0154 (decimal 340)
   defining Unicode char U+0155 (decimal 341)
   defining Unicode char U+0156 (decimal 342)
   defining Unicode char U+0157 (decimal 343)
   defining Unicode char U+0158 (decimal 344)
   defining Unicode char U+0159 (decimal 345)
   defining Unicode char U+015A (decimal 346)
   defining Unicode char U+015B (decimal 347)
   defining Unicode char U+015C (decimal 348)
   defining Unicode char U+015D (decimal 349)
   defining Unicode char U+015E (decimal 350)
   defining Unicode char U+015F (decimal 351)
   defining Unicode char U+0160 (decimal 352)
   defining Unicode char U+0161 (decimal 353)
   defining Unicode char U+0162 (decimal 354)
   defining Unicode char U+0163 (decimal 355)
   defining Unicode char U+0164 (decimal 356)
   defining Unicode char U+0165 (decimal 357)
   defining Unicode char U+0168 (decimal 360)
   defining Unicode char U+0169 (decimal 361)
   defining Unicode char U+016A (decimal 362)
   defining Unicode char U+016B (decimal 363)
   defining Unicode char U+016C (decimal 364)
   defining Unicode char U+016D (decimal 365)
   defining Unicode char U+016E (decimal 366)
   defining Unicode char U+016F (decimal 367)
   defining Unicode char U+0170 (decimal 368)
   defining Unicode char U+0171 (decimal 369)
   defining Unicode char U+0172 (decimal 370)
   defining Unicode char U+0173 (decimal 371)
   defining Unicode char U+0174 (decimal 372)
   defining Unicode char U+0175 (decimal 373)
   defining Unicode char U+0176 (decimal 374)
   defining Unicode char U+0177 (decimal 375)
   defining Unicode char U+0178 (decimal 376)
   defining Unicode char U+0179 (decimal 377)
   defining Unicode char U+017A (decimal 378)
   defining Unicode char U+017B (decimal 379)
   defining Unicode char U+017C (decimal 380)
   defining Unicode char U+017D (decimal 381)
   defining Unicode char U+017E (decimal 382)
   defining Unicode char U+01CD (decimal 461)
   defining Unicode char U+01CE (decimal 462)
   defining Unicode char U+01CF (decimal 463)
   defining Unicode char U+01D0 (decimal 464)
   defining Unicode char U+01D1 (decimal 465)
   defining Unicode char U+01D2 (decimal 466)
   defining Unicode char U+01D3 (decimal 467)
   defining Unicode char U+01D4 (decimal 468)
   defining Unicode char U+01E2 (decimal 482)
   defining Unicode char U+01E3 (decimal 483)
   defining Unicode char U+01E6 (decimal 486)
   defining Unicode char U+01E7 (decimal 487)
   defining Unicode char U+01E8 (decimal 488)
   defining Unicode char U+01E9 (decimal 489)
   defining Unicode char U+01EA (decimal 490)
   defining Unicode char U+01EB (decimal 491)
   defining Unicode char U+01F0 (decimal 496)
   defining Unicode char U+01F4 (decimal 500)
   defining Unicode char U+01F5 (decimal 501)
   defining Unicode char U+0218 (decimal 536)
   defining Unicode char U+0219 (decimal 537)
   defining Unicode char U+021A (decimal 538)
   defining Unicode char U+021B (decimal 539)
   defining Unicode char U+0232 (decimal 562)
   defining Unicode char U+0233 (decimal 563)
   defining Unicode char U+1E02 (decimal 7682)
   defining Unicode char U+1E03 (decimal 7683)
   defining Unicode char U+200C (decimal 8204)
   defining Unicode char U+2010 (decimal 8208)
   defining Unicode char U+2011 (decimal 8209)
   defining Unicode char U+2012 (decimal 8210)
   defining Unicode char U+2013 (decimal 8211)
   defining Unicode char U+2014 (decimal 8212)
   defining Unicode char U+2015 (decimal 8213)
   defining Unicode char U+2018 (decimal 8216)
   defining Unicode char U+2019 (decimal 8217)
   defining Unicode char U+201A (decimal 8218)
   defining Unicode char U+201C (decimal 8220)
   defining Unicode char U+201D (decimal 8221)
   defining Unicode char U+201E (decimal 8222)
   defining Unicode char U+2030 (decimal 8240)
   defining Unicode char U+2031 (decimal 8241)
   defining Unicode char U+2039 (decimal 8249)
   defining Unicode char U+203A (decimal 8250)
   defining Unicode char U+2423 (decimal 9251)
   defining Unicode char U+1E20 (decimal 7712)
   defining Unicode char U+1E21 (decimal 7713)
)
Now handling font encoding OT1 ...
... processing UTF-8 mapping file for font encoding OT1

(c:/texlive/2017/texmf-dist/tex/latex/base/ot1enc.dfu
File: ot1enc.dfu 2017/01/28 v1.1t UTF-8 support for inputenc
   defining Unicode char U+00A0 (decimal 160)
   defining Unicode char U+00A1 (decimal 161)
   defining Unicode char U+00A3 (decimal 163)
   defining Unicode char U+00AD (decimal 173)
   defining Unicode char U+00B8 (decimal 184)
   defining Unicode char U+00BF (decimal 191)
   defining Unicode char U+00C5 (decimal 197)
   defining Unicode char U+00C6 (decimal 198)
   defining Unicode char U+00D8 (decimal 216)
   defining Unicode char U+00DF (decimal 223)
   defining Unicode char U+00E6 (decimal 230)
   defining Unicode char U+00EC (decimal 236)
   defining Unicode char U+00ED (decimal 237)
   defining Unicode char U+00EE (decimal 238)
   defining Unicode char U+00EF (decimal 239)
   defining Unicode char U+00F8 (decimal 248)
   defining Unicode char U+0131 (decimal 305)
   defining Unicode char U+0141 (decimal 321)
   defining Unicode char U+0142 (decimal 322)
   defining Unicode char U+0152 (decimal 338)
   defining Unicode char U+0153 (decimal 339)
   defining Unicode char U+0174 (decimal 372)
   defining Unicode char U+0175 (decimal 373)
   defining Unicode char U+0176 (decimal 374)
   defining Unicode char U+0177 (decimal 375)
   defining Unicode char U+0218 (decimal 536)
   defining Unicode char U+0219 (decimal 537)
   defining Unicode char U+021A (decimal 538)
   defining Unicode char U+021B (decimal 539)
   defining Unicode char U+2013 (decimal 8211)
   defining Unicode char U+2014 (decimal 8212)
   defining Unicode char U+2018 (decimal 8216)
   defining Unicode char U+2019 (decimal 8217)
   defining Unicode char U+201C (decimal 8220)
   defining Unicode char U+201D (decimal 8221)
)
Now handling font encoding OMS ...
... processing UTF-8 mapping file for font encoding OMS

(c:/texlive/2017/texmf-dist/tex/latex/base/omsenc.dfu
File: omsenc.dfu 2017/01/28 v1.1t UTF-8 support for inputenc
   defining Unicode char U+00A7 (decimal 167)
   defining Unicode char U+00B6 (decimal 182)
   defining Unicode char U+00B7 (decimal 183)
   defining Unicode char U+2020 (decimal 8224)
   defining Unicode char U+2021 (decimal 8225)
   defining Unicode char U+2022 (decimal 8226)
)
Now handling font encoding OMX ...
... no UTF-8 mapping file for font encoding OMX
Now handling font encoding U ...
... no UTF-8 mapping file for font encoding U
Now handling font encoding T2A ...
... processing UTF-8 mapping file for font encoding T2A

(c:/texlive/2017/texmf-dist/tex/latex/base/t2aenc.dfu
File: t2aenc.dfu 2017/01/28 v1.1t UTF-8 support for inputenc
   defining Unicode char U+00A4 (decimal 164)
   defining Unicode char U+00A7 (decimal 167)
   defining Unicode char U+00AB (decimal 171)
   defining Unicode char U+00BB (decimal 187)
   defining Unicode char U+0131 (decimal 305)
   defining Unicode char U+0400 (decimal 1024)
   defining Unicode char U+0401 (decimal 1025)
   defining Unicode char U+0402 (decimal 1026)
   defining Unicode char U+0403 (decimal 1027)
   defining Unicode char U+0404 (decimal 1028)
   defining Unicode char U+0405 (decimal 1029)
   defining Unicode char U+0406 (decimal 1030)
   defining Unicode char U+0407 (decimal 1031)
   defining Unicode char U+0408 (decimal 1032)
   defining Unicode char U+0409 (decimal 1033)
   defining Unicode char U+040A (decimal 1034)
   defining Unicode char U+040B (decimal 1035)
   defining Unicode char U+040C (decimal 1036)
   defining Unicode char U+040D (decimal 1037)
   defining Unicode char U+040E (decimal 1038)
   defining Unicode char U+040F (decimal 1039)
   defining Unicode char U+0410 (decimal 1040)
   defining Unicode char U+0411 (decimal 1041)
   defining Unicode char U+0412 (decimal 1042)
   defining Unicode char U+0413 (decimal 1043)
   defining Unicode char U+0414 (decimal 1044)
   defining Unicode char U+0415 (decimal 1045)
   defining Unicode char U+0416 (decimal 1046)
   defining Unicode char U+0417 (decimal 1047)
   defining Unicode char U+0418 (decimal 1048)
   defining Unicode char U+0419 (decimal 1049)
   defining Unicode char U+041A (decimal 1050)
   defining Unicode char U+041B (decimal 1051)
   defining Unicode char U+041C (decimal 1052)
   defining Unicode char U+041D (decimal 1053)
   defining Unicode char U+041E (decimal 1054)
   defining Unicode char U+041F (decimal 1055)
   defining Unicode char U+0420 (decimal 1056)
   defining Unicode char U+0421 (decimal 1057)
   defining Unicode char U+0422 (decimal 1058)
   defining Unicode char U+0423 (decimal 1059)
   defining Unicode char U+0424 (decimal 1060)
   defining Unicode char U+0425 (decimal 1061)
   defining Unicode char U+0426 (decimal 1062)
   defining Unicode char U+0427 (decimal 1063)
   defining Unicode char U+0428 (decimal 1064)
   defining Unicode char U+0429 (decimal 1065)
   defining Unicode char U+042A (decimal 1066)
   defining Unicode char U+042B (decimal 1067)
   defining Unicode char U+042C (decimal 1068)
   defining Unicode char U+042D (decimal 1069)
   defining Unicode char U+042E (decimal 1070)
   defining Unicode char U+042F (decimal 1071)
   defining Unicode char U+0430 (decimal 1072)
   defining Unicode char U+0431 (decimal 1073)
   defining Unicode char U+0432 (decimal 1074)
   defining Unicode char U+0433 (decimal 1075)
   defining Unicode char U+0434 (decimal 1076)
   defining Unicode char U+0435 (decimal 1077)
   defining Unicode char U+0436 (decimal 1078)
   defining Unicode char U+0437 (decimal 1079)
   defining Unicode char U+0438 (decimal 1080)
   defining Unicode char U+0439 (decimal 1081)
   defining Unicode char U+043A (decimal 1082)
   defining Unicode char U+043B (decimal 1083)
   defining Unicode char U+043C (decimal 1084)
   defining Unicode char U+043D (decimal 1085)
   defining Unicode char U+043E (decimal 1086)
   defining Unicode char U+043F (decimal 1087)
   defining Unicode char U+0440 (decimal 1088)
   defining Unicode char U+0441 (decimal 1089)
   defining Unicode char U+0442 (decimal 1090)
   defining Unicode char U+0443 (decimal 1091)
   defining Unicode char U+0444 (decimal 1092)
   defining Unicode char U+0445 (decimal 1093)
   defining Unicode char U+0446 (decimal 1094)
   defining Unicode char U+0447 (decimal 1095)
   defining Unicode char U+0448 (decimal 1096)
   defining Unicode char U+0449 (decimal 1097)
   defining Unicode char U+044A (decimal 1098)
   defining Unicode char U+044B (decimal 1099)
   defining Unicode char U+044C (decimal 1100)
   defining Unicode char U+044D (decimal 1101)
   defining Unicode char U+044E (decimal 1102)
   defining Unicode char U+044F (decimal 1103)
   defining Unicode char U+0450 (decimal 1104)
   defining Unicode char U+0451 (decimal 1105)
   defining Unicode char U+0452 (decimal 1106)
   defining Unicode char U+0453 (decimal 1107)
   defining Unicode char U+0454 (decimal 1108)
   defining Unicode char U+0455 (decimal 1109)
   defining Unicode char U+0456 (decimal 1110)
   defining Unicode char U+0457 (decimal 1111)
   defining Unicode char U+0458 (decimal 1112)
   defining Unicode char U+0459 (decimal 1113)
   defining Unicode char U+045A (decimal 1114)
   defining Unicode char U+045B (decimal 1115)
   defining Unicode char U+045C (decimal 1116)
   defining Unicode char U+045D (decimal 1117)
   defining Unicode char U+045E (decimal 1118)
   defining Unicode char U+045F (decimal 1119)
   defining Unicode char U+0490 (decimal 1168)
   defining Unicode char U+0491 (decimal 1169)
   defining Unicode char U+0492 (decimal 1170)
   defining Unicode char U+0493 (decimal 1171)
   defining Unicode char U+0496 (decimal 1174)
   defining Unicode char U+0497 (decimal 1175)
   defining Unicode char U+0498 (decimal 1176)
   defining Unicode char U+0499 (decimal 1177)
   defining Unicode char U+049A (decimal 1178)
   defining Unicode char U+049B (decimal 1179)
   defining Unicode char U+049C (decimal 1180)
   defining Unicode char U+049D (decimal 1181)
   defining Unicode char U+04A0 (decimal 1184)
   defining Unicode char U+04A1 (decimal 1185)
   defining Unicode char U+04A2 (decimal 1186)
   defining Unicode char U+04A3 (decimal 1187)
   defining Unicode char U+04A4 (decimal 1188)
   defining Unicode char U+04A5 (decimal 1189)
   defining Unicode char U+04AA (decimal 1194)
   defining Unicode char U+04AB (decimal 1195)
   defining Unicode char U+04AE (decimal 1198)
   defining Unicode char U+04AF (decimal 1199)
   defining Unicode char U+04B0 (decimal 1200)
   defining Unicode char U+04B1 (decimal 1201)
   defining Unicode char U+04B2 (decimal 1202)
   defining Unicode char U+04B3 (decimal 1203)
   defining Unicode char U+04B6 (decimal 1206)
   defining Unicode char U+04B7 (decimal 1207)
   defining Unicode char U+04B8 (decimal 1208)
   defining Unicode char U+04B9 (decimal 1209)
   defining Unicode char U+04BA (decimal 1210)
   defining Unicode char U+04BB (decimal 1211)
   defining Unicode char U+04C0 (decimal 1216)
   defining Unicode char U+04C1 (decimal 1217)
   defining Unicode char U+04C2 (decimal 1218)
   defining Unicode char U+04D0 (decimal 1232)
   defining Unicode char U+04D1 (decimal 1233)
   defining Unicode char U+04D2 (decimal 1234)
   defining Unicode char U+04D3 (decimal 1235)
   defining Unicode char U+04D4 (decimal 1236)
   defining Unicode char U+04D5 (decimal 1237)
   defining Unicode char U+04D6 (decimal 1238)
   defining Unicode char U+04D7 (decimal 1239)
   defining Unicode char U+04D8 (decimal 1240)
   defining Unicode char U+04D9 (decimal 1241)
   defining Unicode char U+04DA (decimal 1242)
   defining Unicode char U+04DB (decimal 1243)
   defining Unicode char U+04DC (decimal 1244)
   defining Unicode char U+04DD (decimal 1245)
   defining Unicode char U+04DE (decimal 1246)
   defining Unicode char U+04DF (decimal 1247)
   defining Unicode char U+04E2 (decimal 1250)
   defining Unicode char U+04E3 (decimal 1251)
   defining Unicode char U+04E4 (decimal 1252)
   defining Unicode char U+04E5 (decimal 1253)
   defining Unicode char U+04E6 (decimal 1254)
   defining Unicode char U+04E7 (decimal 1255)
   defining Unicode char U+04E8 (decimal 1256)
   defining Unicode char U+04E9 (decimal 1257)
   defining Unicode char U+04EC (decimal 1260)
   defining Unicode char U+04ED (decimal 1261)
   defining Unicode char U+04EE (decimal 1262)
   defining Unicode char U+04EF (decimal 1263)
   defining Unicode char U+04F0 (decimal 1264)
   defining Unicode char U+04F1 (decimal 1265)
   defining Unicode char U+04F2 (decimal 1266)
   defining Unicode char U+04F3 (decimal 1267)
   defining Unicode char U+04F4 (decimal 1268)
   defining Unicode char U+04F5 (decimal 1269)
   defining Unicode char U+04F8 (decimal 1272)
   defining Unicode char U+04F9 (decimal 1273)
   defining Unicode char U+200C (decimal 8204)
   defining Unicode char U+2013 (decimal 8211)
   defining Unicode char U+2014 (decimal 8212)
   defining Unicode char U+2018 (decimal 8216)
   defining Unicode char U+2019 (decimal 8217)
   defining Unicode char U+201C (decimal 8220)
   defining Unicode char U+201D (decimal 8221)
   defining Unicode char U+201E (decimal 8222)
   defining Unicode char U+2030 (decimal 8240)
   defining Unicode char U+2031 (decimal 8241)
   defining Unicode char U+2116 (decimal 8470)
   defining Unicode char U+2329 (decimal 9001)
   defining Unicode char U+232A (decimal 9002)
   defining Unicode char U+2423 (decimal 9251)
)
   defining Unicode char U+00A9 (decimal 169)
   defining Unicode char U+00AA (decimal 170)
   defining Unicode char U+00AE (decimal 174)
   defining Unicode char U+00BA (decimal 186)
   defining Unicode char U+02C6 (decimal 710)
   defining Unicode char U+02DC (decimal 732)
   defining Unicode char U+200C (decimal 8204)
   defining Unicode char U+2026 (decimal 8230)
   defining Unicode char U+2122 (decimal 8482)
   defining Unicode char U+2423 (decimal 9251)
))
(c:/texlive/2017/texmf-dist/tex/generic/babel/babel.sty
Package: babel 2018/02/14 3.18 The Babel package

(c:/texlive/2017/texmf-dist/tex/generic/babel/switch.def
File: switch.def 2018/02/14 3.18 Babel switching mechanism
)
(c:/texlive/2017/texmf-dist/tex/generic/babel-english/english.ldf
Language: english 2017/06/06 v3.3r English support from the babel system

(c:/texlive/2017/texmf-dist/tex/generic/babel/babel.def
File: babel.def 2018/02/14 3.18 Babel common definitions
\babel@savecnt=\count87
\U@D=\dimen103

(c:/texlive/2017/texmf-dist/tex/generic/babel/txtbabel.def)
\bbl@dirlevel=\count88
)
\l@canadian = a dialect from \language\l@american 
\l@australian = a dialect from \language\l@british 
\l@newzealand = a dialect from \language\l@british 
)
(c:/texlive/2017/texmf-dist/tex/generic/babel-russian/russianb.ldf
Language: russian 2017/08/12 1.3j Russian support for the Babel system
Package babel Info: Making " an active character on input line 120.
Package babel Info: Default for \cyrdash is provided on input line 157.
))
(c:/texlive/2017/texmf-dist/tex/latex/xcolor/xcolor.sty
Package: xcolor 2016/05/11 v2.12 LaTeX color extensions (UK)

(c:/texlive/2017/texmf-dist/tex/latex/graphics-cfg/color.cfg
File: color.cfg 2016/01/02 v1.6 sample color configuration
)
Package xcolor Info: Driver file: pdftex.def on input line 225.

(c:/texlive/2017/texmf-dist/tex/latex/graphics-def/pdftex.def
File: pdftex.def 2018/01/08 v1.0l Graphics/color driver for pdftex
)
(c:/texlive/2017/texmf-dist/tex/latex/colortbl/colortbl.sty
Package: colortbl 2012/02/13 v1.0a Color table columns (DPC)

(c:/texlive/2017/texmf-dist/tex/latex/tools/array.sty
Package: array 2016/10/06 v2.4d Tabular extension package (FMi)
\col@sep=\dimen104
\extrarowheight=\dimen105
\NC@list=\toks16
\extratabsurround=\skip43
\backup@length=\skip44
)
\everycr=\toks17
\minrowclearance=\skip45
)
\rownum=\count89
Package xcolor Info: Model `cmy' substituted by `cmy0' on input line 1348.
Package xcolor Info: Model `hsb' substituted by `rgb' on input line 1352.
Package xcolor Info: Model `RGB' extended on input line 1364.
Package xcolor Info: Model `HTML' substituted by `rgb' on input line 1366.
Package xcolor Info: Model `Hsb' substituted by `hsb' on input line 1367.
Package xcolor Info: Model `tHsb' substituted by `hsb' on input line 1368.
Package xcolor Info: Model `HSB' substituted by `hsb' on input line 1369.
Package xcolor Info: Model `Gray' substituted by `gray' on input line 1370.
Package xcolor Info: Model `wave' substituted by `hsb' on input line 1371.
)
(c:/texlive/2017/texmf-dist/tex/latex/amsfonts/amsfonts.sty
Package: amsfonts 2013/01/14 v3.01 Basic AMSFonts support
\@emptytoks=\toks18
\symAMSa=\mathgroup5
\symAMSb=\mathgroup6
LaTeX Font Info:    Overwriting math alphabet `\mathfrak' in version `bold'
(Font)                  U/euf/m/n --> U/euf/b/n on input line 106.
)
(c:/texlive/2017/texmf-dist/tex/latex/amsfonts/amssymb.sty
Package: amssymb 2013/01/14 v3.01 AMS font symbols
)
(c:/texlive/2017/texmf-dist/tex/latex/amscls/amsthm.sty
Package: amsthm 2017/10/31 v2.20.4
\thm@style=\toks19
\thm@bodyfont=\toks20
\thm@headfont=\toks21
\thm@notefont=\toks22
\thm@headpunct=\toks23
\thm@preskip=\skip46
\thm@postskip=\skip47
\thm@headsep=\skip48
\dth@everypar=\toks24
)
(c:/texlive/2017/texmf-dist/tex/latex/mathtools/mathtools.sty
Package: mathtools 2018/01/08 v1.21 mathematical typesetting tools

(c:/texlive/2017/texmf-dist/tex/latex/graphics/keyval.sty
Package: keyval 2014/10/28 v1.15 key=value parser (DPC)
\KV@toks@=\toks25
)
(c:/texlive/2017/texmf-dist/tex/latex/tools/calc.sty
Package: calc 2014/10/28 v4.3 Infix arithmetic (KKT,FJ)
\calc@Acount=\count90
\calc@Bcount=\count91
\calc@Adimen=\dimen106
\calc@Bdimen=\dimen107
\calc@Askip=\skip49
\calc@Bskip=\skip50
LaTeX Info: Redefining \setlength on input line 80.
LaTeX Info: Redefining \addtolength on input line 81.
\calc@Ccount=\count92
\calc@Cskip=\skip51
)
(c:/texlive/2017/texmf-dist/tex/latex/mathtools/mhsetup.sty
Package: mhsetup 2017/03/31 v1.3 programming setup (MH)
)
(c:/texlive/2017/texmf-dist/tex/latex/amsmath/amsmath.sty
Package: amsmath 2017/09/02 v2.17a AMS math features
\@mathmargin=\skip52

For additional information on amsmath, use the `?' option.
(c:/texlive/2017/texmf-dist/tex/latex/amsmath/amstext.sty
Package: amstext 2000/06/29 v2.01 AMS text

(c:/texlive/2017/texmf-dist/tex/latex/amsmath/amsgen.sty
File: amsgen.sty 1999/11/30 v2.0 generic functions
\@emptytoks=\toks26
\ex@=\dimen108
))
(c:/texlive/2017/texmf-dist/tex/latex/amsmath/amsbsy.sty
Package: amsbsy 1999/11/29 v1.2d Bold Symbols
\pmbraise@=\dimen109
)
(c:/texlive/2017/texmf-dist/tex/latex/amsmath/amsopn.sty
Package: amsopn 2016/03/08 v2.02 operator names
)
\inf@bad=\count93
LaTeX Info: Redefining \frac on input line 213.
\uproot@=\count94
\leftroot@=\count95
LaTeX Info: Redefining \overline on input line 375.
\classnum@=\count96
\DOTSCASE@=\count97
LaTeX Info: Redefining \ldots on input line 472.
LaTeX Info: Redefining \dots on input line 475.
LaTeX Info: Redefining \cdots on input line 596.
\Mathstrutbox@=\box26
\strutbox@=\box27
\big@size=\dimen110
LaTeX Font Info:    Redeclaring font encoding OML on input line 712.
LaTeX Font Info:    Redeclaring font encoding OMS on input line 713.
\macc@depth=\count98
\c@MaxMatrixCols=\count99
\dotsspace@=\muskip10
\c@parentequation=\count100
\dspbrk@lvl=\count101
\tag@help=\toks27
\row@=\count102
\column@=\count103
\maxfields@=\count104
\andhelp@=\toks28
\eqnshift@=\dimen111
\alignsep@=\dimen112
\tagshift@=\dimen113
\tagwidth@=\dimen114
\totwidth@=\dimen115
\lineht@=\dimen116
\@envbody=\toks29
\multlinegap=\skip53
\multlinetaggap=\skip54
\mathdisplay@stack=\toks30
LaTeX Info: Redefining \[ on input line 2817.
LaTeX Info: Redefining \] on input line 2818.
)
LaTeX Info: Thecontrolsequence`\('isalreadyrobust on input line 129.
LaTeX Info: Thecontrolsequence`\)'isalreadyrobust on input line 129.
LaTeX Info: Thecontrolsequence`\['isalreadyrobust on input line 129.
LaTeX Info: Thecontrolsequence`\]'isalreadyrobust on input line 129.
\g_MT_multlinerow_int=\count105
\l_MT_multwidth_dim=\dimen117
\origjot=\skip55
\l_MT_shortvdotswithinadjustabove_dim=\dimen118
\l_MT_shortvdotswithinadjustbelow_dim=\dimen119
\l_MT_above_intertext_sep=\dimen120
\l_MT_below_intertext_sep=\dimen121
\l_MT_above_shortintertext_sep=\dimen122
\l_MT_below_shortintertext_sep=\dimen123
)
(c:/texlive/2017/texmf-dist/tex/latex/was/icomma.sty
Package: icomma 2002/03/10 v2.0 (WaS)
)
(c:/texlive/2017/texmf-dist/tex/latex/geometry/geometry.sty
Package: geometry 2010/09/12 v5.6 Page Geometry

(c:/texlive/2017/texmf-dist/tex/generic/oberdiek/ifpdf.sty
Package: ifpdf 2017/03/15 v3.2 Provides the ifpdf switch
)
(c:/texlive/2017/texmf-dist/tex/generic/oberdiek/ifvtex.sty
Package: ifvtex 2016/05/16 v1.6 Detect VTeX and its facilities (HO)
Package ifvtex Info: VTeX not detected.
)
(c:/texlive/2017/texmf-dist/tex/generic/ifxetex/ifxetex.sty
Package: ifxetex 2010/09/12 v0.6 Provides ifxetex conditional
)
\Gm@cnth=\count106
\Gm@cntv=\count107
\c@Gm@tempcnt=\count108
\Gm@bindingoffset=\dimen124
\Gm@wd@mp=\dimen125
\Gm@odd@mp=\dimen126
\Gm@even@mp=\dimen127
\Gm@layoutwidth=\dimen128
\Gm@layoutheight=\dimen129
\Gm@layouthoffset=\dimen130
\Gm@layoutvoffset=\dimen131
\Gm@dimlist=\toks31
)
(c:/texlive/2017/texmf-dist/tex/latex/graphics/graphicx.sty
Package: graphicx 2017/06/01 v1.1a Enhanced LaTeX Graphics (DPC,SPQR)

(c:/texlive/2017/texmf-dist/tex/latex/graphics/graphics.sty
Package: graphics 2017/06/25 v1.2c Standard LaTeX Graphics (DPC,SPQR)

(c:/texlive/2017/texmf-dist/tex/latex/graphics/trig.sty
Package: trig 2016/01/03 v1.10 sin cos tan (DPC)
)
(c:/texlive/2017/texmf-dist/tex/latex/graphics-cfg/graphics.cfg
File: graphics.cfg 2016/06/04 v1.11 sample graphics configuration
)
Package graphics Info: Driver file: pdftex.def on input line 99.
)
\Gin@req@height=\dimen132
\Gin@req@width=\dimen133
)
(c:/texlive/2017/texmf-dist/tex/latex/amsfonts/euscript.sty
Package: euscript 2009/06/22 v3.00 Euler Script fonts
LaTeX Font Info:    Overwriting math alphabet `\EuScript' in version `bold'
(Font)                  U/eus/m/n --> U/eus/b/n on input line 33.
)
(c:/texlive/2017/texmf-dist/tex/latex/jknapltx/mathrsfs.sty
Package: mathrsfs 1996/01/01 Math RSFS package v1.0 (jk)
\symrsfs=\mathgroup7
)
(c:/texlive/2017/texmf-dist/tex/latex/wrapfig/wrapfig.sty
\wrapoverhang=\dimen134
\WF@size=\dimen135
\c@WF@wrappedlines=\count109
\WF@box=\box28
\WF@everypar=\toks32
Package: wrapfig 2003/01/31  v 3.6
)
(c:/texlive/2017/texmf-dist/tex/latex/tools/tabularx.sty
Package: tabularx 2016/02/03 v2.11 `tabularx' package (DPC)
\TX@col@width=\dimen136
\TX@old@table=\dimen137
\TX@old@col=\dimen138
\TX@target=\dimen139
\TX@delta=\dimen140
\TX@cols=\count110
\TX@ftn=\toks33
)
(c:/texlive/2017/texmf-dist/tex/latex/tabulary/tabulary.sty
Package: tabulary 2014/06/11 v0.10 tabulary package (DPC)
\TY@count=\count111
\TY@linewidth=\dimen141
\tymin=\dimen142
\tymax=\dimen143
\TY@tablewidth=\dimen144
)
(c:/texlive/2017/texmf-dist/tex/latex/booktabs/booktabs.sty
Package: booktabs 2016/04/27 v1.618033 publication quality tables
\heavyrulewidth=\dimen145
\lightrulewidth=\dimen146
\cmidrulewidth=\dimen147
\belowrulesep=\dimen148
\belowbottomsep=\dimen149
\aboverulesep=\dimen150
\abovetopsep=\dimen151
\cmidrulesep=\dimen152
\cmidrulekern=\dimen153
\defaultaddspace=\dimen154
\@cmidla=\count112
\@cmidlb=\count113
\@aboverulesep=\dimen155
\@belowrulesep=\dimen156
\@thisruleclass=\count114
\@lastruleclass=\count115
\@thisrulewidth=\dimen157
)
(c:/texlive/2017/texmf-dist/tex/latex/tools/longtable.sty
Package: longtable 2014/10/28 v4.11 Multi-page Table package (DPC)
\LTleft=\skip56
\LTright=\skip57
\LTpre=\skip58
\LTpost=\skip59
\LTchunksize=\count116
\LTcapwidth=\dimen158
\LT@head=\box29
\LT@firsthead=\box30
\LT@foot=\box31
\LT@lastfoot=\box32
\LT@cols=\count117
\LT@rows=\count118
\c@LT@tables=\count119
\c@LT@chunks=\count120
\LT@p@ftn=\toks34
)
(c:/texlive/2017/texmf-dist/tex/latex/multirow/multirow.sty
Package: multirow 2016/11/25 v2.2 Span multiple rows of a table
\multirow@colwidth=\skip60
\multirow@cntb=\count121
\multirow@dima=\skip61
\bigstrutjot=\dimen159
)
(c:/texlive/2017/texmf-dist/tex/latex/was/upgreek.sty
Package: upgreek 2003/02/12 v2.0 (WaS)
Package upgreek Info: Using Euler Roman for upright Greek on input line 31.
\symugrf@m=\mathgroup8
LaTeX Font Info:    Overwriting symbol font `ugrf@m' in version `bold'
(Font)                  U/eur/m/n --> U/eur/b/n on input line 38.
)
(c:/texlive/2017/texmf-dist/tex/latex/tools/enumerate.sty
Package: enumerate 2015/07/23 v3.00 enumerate extensions (DPC)
\@enLab=\toks35
)
(c:/texlive/2017/texmf-dist/tex/latex/doublestroke/dsfont.sty
Package: dsfont 1995/08/01 v0.1 Double stroke roman fonts
)
(c:/texlive/2017/texmf-dist/tex/latex/ifsym/ifsym.sty
Package: ifsym 2000/04/18 I.Kloeckl
\c@ifsymcnt=\count122
)
(c:/texlive/2017/texmf-dist/tex/latex/movie15/movie15.sty
Package: movie15 2012/05/16

(c:/texlive/2017/texmf-dist/tex/latex/base/ifthen.sty
Package: ifthen 2014/09/29 v1.1c Standard LaTeX ifthen package (DPC)
)
(c:/texlive/2017/texmf-dist/tex/latex/oberdiek/ifdraft.sty
Package: ifdraft 2016/05/16 v1.4 Detect class options draft and final (HO)
)
(c:/texlive/2017/texmf-dist/tex/latex/ms/everyshi.sty
Package: everyshi 2001/05/15 v3.00 EveryShipout Package (MS)
)
\@MXV@page=\count123
\@MXV@adict=\count124
\@MXV@aadict=\count125
\@MXV@includes=\count126
\@MXV@players=\count127
\@MXV@links=\count128
\@MXV@width=\dimen160
\@MXV@height=\dimen161
\@MXV@depth=\dimen162
\@MXV@totalheight=\dimen163
\@MXV@@boxdepth=\dimen164
\@MXV@traiselen=\dimen165
\@MXV@braiselen=\dimen166
\@MXV@start=\dimen167
\@MXV@end=\dimen168
\@MXV@textbox=\box33
)
(c:/texlive/2017/texmf-dist/tex/latex/animate/animate.sty
Package: animate 2018/02/28 PDF animations from files and inline graphics

(c:/texlive/2017/texmf-dist/tex/latex/xkeyval/xkeyval.sty
Package: xkeyval 2014/12/03 v2.7a package option processing (HA)

(c:/texlive/2017/texmf-dist/tex/generic/xkeyval/xkeyval.tex
(c:/texlive/2017/texmf-dist/tex/generic/xkeyval/xkvutils.tex
\XKV@toks=\toks36
\XKV@tempa@toks=\toks37
)
\XKV@depth=\count129
File: xkeyval.tex 2014/12/03 v2.7a key=value parser (HA)
))
(c:/texlive/2017/texmf-dist/tex/generic/oberdiek/ifluatex.sty
Package: ifluatex 2016/05/16 v1.4 Provides the ifluatex switch (HO)
Package ifluatex Info: LuaTeX not detected.
)
(c:/texlive/2017/texmf-dist/tex/latex/media9/pdfbase.sty
(c:/texlive/2017/texmf-dist/tex/latex/l3kernel/expl3.sty
Package: expl3 2018/02/21 L3 programming layer (loader) 

(c:/texlive/2017/texmf-dist/tex/latex/l3kernel/expl3-code.tex
Package: expl3 2018/02/21 L3 programming layer (code)
\c_max_int=\count130
\l_tmpa_int=\count131
\l_tmpb_int=\count132
\g_tmpa_int=\count133
\g_tmpb_int=\count134
\g__intarray_font_int=\count135
\g__prg_map_int=\count136
\c_log_iow=\count137
\l_iow_line_count_int=\count138
\l__iow_line_target_int=\count139
\l__iow_one_indent_int=\count140
\l__iow_indent_int=\count141
\c_zero_dim=\dimen169
\c_max_dim=\dimen170
\l_tmpa_dim=\dimen171
\l_tmpb_dim=\dimen172
\g_tmpa_dim=\dimen173
\g_tmpb_dim=\dimen174
\c_zero_skip=\skip62
\c_max_skip=\skip63
\l_tmpa_skip=\skip64
\l_tmpb_skip=\skip65
\g_tmpa_skip=\skip66
\g_tmpb_skip=\skip67
\c_zero_muskip=\muskip11
\c_max_muskip=\muskip12
\l_tmpa_muskip=\muskip13
\l_tmpb_muskip=\muskip14
\g_tmpa_muskip=\muskip15
\g_tmpb_muskip=\muskip16
\l_keys_choice_int=\count142
\c__fp_leading_shift_int=\count143
\c__fp_middle_shift_int=\count144
\c__fp_trailing_shift_int=\count145
\c__fp_big_leading_shift_int=\count146
\c__fp_big_middle_shift_int=\count147
\c__fp_big_trailing_shift_int=\count148
\c__fp_Bigg_leading_shift_int=\count149
\c__fp_Bigg_middle_shift_int=\count150
\c__fp_Bigg_trailing_shift_int=\count151
\c__fp_rand_size_int=\count152
\c__fp_rand_four_int=\count153
\c__fp_rand_eight_int=\count154
\l__sort_length_int=\count155
\l__sort_min_int=\count156
\l__sort_top_int=\count157
\l__sort_max_int=\count158
\l__sort_true_max_int=\count159
\l__sort_block_int=\count160
\l__sort_begin_int=\count161
\l__sort_end_int=\count162
\l__sort_A_int=\count163
\l__sort_B_int=\count164
\l__sort_C_int=\count165
\l__tl_build_start_index_int=\count166
\l__tl_build_index_int=\count167
\l__tl_analysis_normal_int=\count168
\l__tl_analysis_index_int=\count169
\l__tl_analysis_nesting_int=\count170
\l__tl_analysis_type_int=\count171
\l__regex_internal_a_int=\count172
\l__regex_internal_b_int=\count173
\l__regex_internal_c_int=\count174
\l__regex_balance_int=\count175
\l__regex_group_level_int=\count176
\l__regex_mode_int=\count177
\c__regex_cs_in_class_mode_int=\count178
\c__regex_cs_mode_int=\count179
\l__regex_catcodes_int=\count180
\l__regex_default_catcodes_int=\count181
\c__regex_catcode_D_int=\count182
\c__regex_catcode_S_int=\count183
\c__regex_catcode_L_int=\count184
\c__regex_catcode_O_int=\count185
\c__regex_catcode_A_int=\count186
\c__regex_all_catcodes_int=\count187
\l__regex_show_lines_int=\count188
\l__regex_min_state_int=\count189
\l__regex_max_state_int=\count190
\l__regex_left_state_int=\count191
\l__regex_right_state_int=\count192
\l__regex_capturing_group_int=\count193
\l__regex_min_pos_int=\count194
\l__regex_max_pos_int=\count195
\l__regex_curr_pos_int=\count196
\l__regex_start_pos_int=\count197
\l__regex_success_pos_int=\count198
\l__regex_curr_char_int=\count199
\l__regex_curr_catcode_int=\count266
\l__regex_last_char_int=\count267
\l__regex_case_changed_char_int=\count268
\l__regex_curr_state_int=\count269
\l__regex_step_int=\count270
\l__regex_min_active_int=\count271
\l__regex_max_active_int=\count272
\l__regex_replacement_csnames_int=\count273
\l__regex_match_count_int=\count274
\l__regex_min_submatch_int=\count275
\l__regex_submatch_int=\count276
\l__regex_zeroth_submatch_int=\count277
\g__regex_trace_regex_int=\count278
\c_empty_box=\box34
\l_tmpa_box=\box35
\l_tmpb_box=\box36
\g_tmpa_box=\box37
\g_tmpb_box=\box38
\l__box_top_dim=\dimen175
\l__box_bottom_dim=\dimen176
\l__box_left_dim=\dimen177
\l__box_right_dim=\dimen178
\l__box_top_new_dim=\dimen179
\l__box_bottom_new_dim=\dimen180
\l__box_left_new_dim=\dimen181
\l__box_right_new_dim=\dimen182
\l__box_internal_box=\box39
\l__coffin_internal_box=\box40
\l__coffin_internal_dim=\dimen183
\l__coffin_offset_x_dim=\dimen184
\l__coffin_offset_y_dim=\dimen185
\l__coffin_x_dim=\dimen186
\l__coffin_y_dim=\dimen187
\l__coffin_x_prime_dim=\dimen188
\l__coffin_y_prime_dim=\dimen189
\c_empty_coffin=\box41
\l__coffin_aligned_coffin=\box42
\l__coffin_aligned_internal_coffin=\box43
\l_tmpa_coffin=\box44
\l_tmpb_coffin=\box45
\l__coffin_display_coffin=\box46
\l__coffin_display_coord_coffin=\box47
\l__coffin_display_pole_coffin=\box48
\l__coffin_display_offset_dim=\dimen190
\l__coffin_display_x_dim=\dimen191
\l__coffin_display_y_dim=\dimen192
\l__coffin_bounding_shift_dim=\dimen193
\l__coffin_left_corner_dim=\dimen194
\l__coffin_right_corner_dim=\dimen195
\l__coffin_bottom_corner_dim=\dimen196
\l__coffin_top_corner_dim=\dimen197
\l__coffin_scaled_total_height_dim=\dimen198
\l__coffin_scaled_width_dim=\dimen199
)
(c:/texlive/2017/texmf-dist/tex/latex/l3kernel/l3pdfmode.def
File: l3pdfmode.def 2017/03/18 v L3 Experimental driver: PDF mode
\l__driver_color_stack_int=\count279
\l__driver_tmp_box=\box49
))
(c:/texlive/2017/texmf-dist/tex/latex/l3packages/l3keys2e/l3keys2e.sty
Package: l3keys2e 2018/02/21 LaTeX2e option processing using LaTeX3 keys
)
Package: pdfbase 2018/02/28 v0.21 driver independent access to low-level PDF fe
atures
\g_pbs_page_int=\count280
\g_pbs_oc_int=\count281

(c:/texlive/2017/texmf-dist/tex/generic/oberdiek/atbegshi.sty
Package: atbegshi 2016/06/09 v1.18 At begin shipout hook (HO)

(c:/texlive/2017/texmf-dist/tex/generic/oberdiek/infwarerr.sty
Package: infwarerr 2016/05/16 v1.4 Providing info/warning/error messages (HO)
)
(c:/texlive/2017/texmf-dist/tex/generic/oberdiek/ltxcmds.sty
Package: ltxcmds 2016/05/16 v1.23 LaTeX kernel commands for general use (HO)
)))
(c:/texlive/2017/texmf-dist/tex/latex/ocgx2/ocgbase.sty
Package: ocgbase 2017/09/29 v0.12 support package for ocgx2.sty
\g_ocgbase_nd_int=\count282
)
\@anim@box=\box50
\@anim@measbox=\box51
\@anim@tmpdima=\dimen256
\@anim@tmpdimb=\dimen257
\@anim@num=\count283
\@anim@curframe=\count284
\@anim@curframe@zb=\count285
\@anim@resizeflags=\count286
\@anim@skipfram=\count287
\@anim@mulframecnt=\count288
\@anim@@tmlnfile=\read1
\@anim@tmpcnt=\count289
\c@@anim@ltxcnt=\count290
\@anim@curlayer=\count291
\@anim@lineno=\count292
\@anim@curfield=\count293
\@anim@@resizeflags=\count294
)
(c:/texlive/2017/texmf-dist/tex/latex/hyperref/hyperref.sty
Package: hyperref 2018/02/06 v6.86b Hypertext links for LaTeX

(c:/texlive/2017/texmf-dist/tex/generic/oberdiek/hobsub-hyperref.sty
Package: hobsub-hyperref 2016/05/16 v1.14 Bundle oberdiek, subset hyperref (HO)


(c:/texlive/2017/texmf-dist/tex/generic/oberdiek/hobsub-generic.sty
Package: hobsub-generic 2016/05/16 v1.14 Bundle oberdiek, subset generic (HO)
Package: hobsub 2016/05/16 v1.14 Construct package bundles (HO)
Package hobsub Info: Skipping package `infwarerr' (already loaded).
Package hobsub Info: Skipping package `ltxcmds' (already loaded).
Package hobsub Info: Skipping package `ifluatex' (already loaded).
Package hobsub Info: Skipping package `ifvtex' (already loaded).
Package: intcalc 2016/05/16 v1.2 Expandable calculations with integers (HO)
Package hobsub Info: Skipping package `ifpdf' (already loaded).
Package: etexcmds 2016/05/16 v1.6 Avoid name clashes with e-TeX commands (HO)
Package etexcmds Info: Could not find \expanded.
(etexcmds)             That can mean that you are not using pdfTeX 1.50 or
(etexcmds)             that some package has redefined \expanded.
(etexcmds)             In the latter case, load this package earlier.
Package: kvsetkeys 2016/05/16 v1.17 Key value parser (HO)
Package: kvdefinekeys 2016/05/16 v1.4 Define keys (HO)
Package: pdftexcmds 2018/01/21 v0.26 Utility functions of pdfTeX for LuaTeX (HO
)
Package pdftexcmds Info: LuaTeX not detected.
Package pdftexcmds Info: \pdf@primitive is available.
Package pdftexcmds Info: \pdf@ifprimitive is available.
Package pdftexcmds Info: \pdfdraftmode found.
Package: pdfescape 2016/05/16 v1.14 Implements pdfTeX's escape features (HO)
Package: bigintcalc 2016/05/16 v1.4 Expandable calculations on big integers (HO
)
Package: bitset 2016/05/16 v1.2 Handle bit-vector datatype (HO)
Package: uniquecounter 2016/05/16 v1.3 Provide unlimited unique counter (HO)
)
Package hobsub Info: Skipping package `hobsub' (already loaded).
Package: letltxmacro 2016/05/16 v1.5 Let assignment for LaTeX macros (HO)
Package: hopatch 2016/05/16 v1.3 Wrapper for package hooks (HO)
Package: xcolor-patch 2016/05/16 xcolor patch
Package: atveryend 2016/05/16 v1.9 Hooks at the very end of document (HO)
Package atveryend Info: \enddocument detected (standard20110627).
Package hobsub Info: Skipping package `atbegshi' (already loaded).
Package: refcount 2016/05/16 v3.5 Data extraction from label references (HO)
Package: hycolor 2016/05/16 v1.8 Color options for hyperref/bookmark (HO)
)
(c:/texlive/2017/texmf-dist/tex/latex/oberdiek/auxhook.sty
Package: auxhook 2016/05/16 v1.4 Hooks for auxiliary files (HO)
)
(c:/texlive/2017/texmf-dist/tex/latex/oberdiek/kvoptions.sty
Package: kvoptions 2016/05/16 v3.12 Key value format for package options (HO)
)
\@linkdim=\dimen258
\Hy@linkcounter=\count295
\Hy@pagecounter=\count296

(c:/texlive/2017/texmf-dist/tex/latex/hyperref/pd1enc.def
File: pd1enc.def 2018/02/06 v6.86b Hyperref: PDFDocEncoding definition (HO)
Now handling font encoding PD1 ...
... no UTF-8 mapping file for font encoding PD1
)
\Hy@SavedSpaceFactor=\count297
Package hyperref Info: Option `unicode' set `true' on input line 3456.

(c:/texlive/2017/texmf-dist/tex/latex/hyperref/puenc.def
File: puenc.def 2018/02/06 v6.86b Hyperref: PDF Unicode definition (HO)
Now handling font encoding PU ...
... no UTF-8 mapping file for font encoding PU
)
(c:/texlive/2017/texmf-dist/tex/latex/latexconfig/hyperref.cfg
File: hyperref.cfg 2002/06/06 v1.2 hyperref configuration of TeXLive
)
Package hyperref Info: Hyper figures OFF on input line 4509.
Package hyperref Info: Link nesting OFF on input line 4514.
Package hyperref Info: Hyper index ON on input line 4517.
Package hyperref Info: Plain pages OFF on input line 4524.
Package hyperref Info: Backreferencing OFF on input line 4529.
Package hyperref Info: Implicit mode ON; LaTeX internals redefined.
Package hyperref Info: Bookmarks ON on input line 4762.
\c@Hy@tempcnt=\count298

(c:/texlive/2017/texmf-dist/tex/latex/url/url.sty
\Urlmuskip=\muskip17
Package: url 2013/09/16  ver 3.4  Verb mode for urls, etc.
)
LaTeX Info: Redefining \url on input line 5115.
\XeTeXLinkMargin=\dimen259
\Fld@menulength=\count299
\Field@Width=\dimen260
\Fld@charsize=\dimen261
Package hyperref Info: Hyper figures OFF on input line 6369.
Package hyperref Info: Link nesting OFF on input line 6374.
Package hyperref Info: Hyper index ON on input line 6377.
Package hyperref Info: backreferencing OFF on input line 6384.
Package hyperref Info: Link coloring OFF on input line 6389.
Package hyperref Info: Link coloring with OCG OFF on input line 6394.
Package hyperref Info: PDF/A mode OFF on input line 6399.
LaTeX Info: Redefining \ref on input line 6439.
LaTeX Info: Redefining \pageref on input line 6443.
\Hy@abspage=\count300
\c@Item=\count301
\c@Hfootnote=\count302
)
Package hyperref Info: Driver (autodetected): hpdftex.

(c:/texlive/2017/texmf-dist/tex/latex/hyperref/hpdftex.def
File: hpdftex.def 2018/02/06 v6.86b Hyperref driver for pdfTeX
\Fld@listcount=\count303
\c@bookmark@seq@number=\count304

(c:/texlive/2017/texmf-dist/tex/latex/oberdiek/rerunfilecheck.sty
Package: rerunfilecheck 2016/05/16 v1.8 Rerun checks for auxiliary files (HO)
Package uniquecounter Info: New unique counter `rerunfilecheck' on input line 2
82.
)
\Hy@SectionHShift=\skip68
)
Package hyperref Info: Option `colorlinks' set `true' on input line 66.

(c:/texlive/2017/texmf-dist/tex/latex/pgf/frontendlayer/tikz.sty
(c:/texlive/2017/texmf-dist/tex/latex/pgf/basiclayer/pgf.sty
(c:/texlive/2017/texmf-dist/tex/latex/pgf/utilities/pgfrcs.sty
(c:/texlive/2017/texmf-dist/tex/generic/pgf/utilities/pgfutil-common.tex
\pgfutil@everybye=\toks38
\pgfutil@tempdima=\dimen262
\pgfutil@tempdimb=\dimen263

(c:/texlive/2017/texmf-dist/tex/generic/pgf/utilities/pgfutil-common-lists.tex)
) (c:/texlive/2017/texmf-dist/tex/generic/pgf/utilities/pgfutil-latex.def
\pgfutil@abb=\box52
)
(c:/texlive/2017/texmf-dist/tex/generic/pgf/utilities/pgfrcs.code.tex
Package: pgfrcs 2015/08/07 v3.0.1a (rcs-revision 1.31)
))
Package: pgf 2015/08/07 v3.0.1a (rcs-revision 1.15)

(c:/texlive/2017/texmf-dist/tex/latex/pgf/basiclayer/pgfcore.sty
(c:/texlive/2017/texmf-dist/tex/latex/pgf/systemlayer/pgfsys.sty
(c:/texlive/2017/texmf-dist/tex/generic/pgf/systemlayer/pgfsys.code.tex
Package: pgfsys 2014/07/09 v3.0.1a (rcs-revision 1.48)

(c:/texlive/2017/texmf-dist/tex/generic/pgf/utilities/pgfkeys.code.tex
\pgfkeys@pathtoks=\toks39
\pgfkeys@temptoks=\toks40

(c:/texlive/2017/texmf-dist/tex/generic/pgf/utilities/pgfkeysfiltered.code.tex
\pgfkeys@tmptoks=\toks41
))
\pgf@x=\dimen264
\pgf@y=\dimen265
\pgf@xa=\dimen266
\pgf@ya=\dimen267
\pgf@xb=\dimen268
\pgf@yb=\dimen269
\pgf@xc=\dimen270
\pgf@yc=\dimen271
\w@pgf@writea=\write3
\r@pgf@reada=\read2
\c@pgf@counta=\count305
\c@pgf@countb=\count306
\c@pgf@countc=\count307
\c@pgf@countd=\count308
\t@pgf@toka=\toks42
\t@pgf@tokb=\toks43
\t@pgf@tokc=\toks44
 (c:/texlive/2017/texmf-dist/tex/generic/pgf/systemlayer/pgf.cfg
File: pgf.cfg 2008/05/14  (rcs-revision 1.7)
)
Driver file for pgf: pgfsys-pdftex.def

(c:/texlive/2017/texmf-dist/tex/generic/pgf/systemlayer/pgfsys-pdftex.def
File: pgfsys-pdftex.def 2014/10/11  (rcs-revision 1.35)

(c:/texlive/2017/texmf-dist/tex/generic/pgf/systemlayer/pgfsys-common-pdf.def
File: pgfsys-common-pdf.def 2013/10/10  (rcs-revision 1.13)
)))
(c:/texlive/2017/texmf-dist/tex/generic/pgf/systemlayer/pgfsyssoftpath.code.tex
File: pgfsyssoftpath.code.tex 2013/09/09  (rcs-revision 1.9)
\pgfsyssoftpath@smallbuffer@items=\count309
\pgfsyssoftpath@bigbuffer@items=\count310
)
(c:/texlive/2017/texmf-dist/tex/generic/pgf/systemlayer/pgfsysprotocol.code.tex
File: pgfsysprotocol.code.tex 2006/10/16  (rcs-revision 1.4)
)) (c:/texlive/2017/texmf-dist/tex/generic/pgf/basiclayer/pgfcore.code.tex
Package: pgfcore 2010/04/11 v3.0.1a (rcs-revision 1.7)

(c:/texlive/2017/texmf-dist/tex/generic/pgf/math/pgfmath.code.tex
(c:/texlive/2017/texmf-dist/tex/generic/pgf/math/pgfmathcalc.code.tex
(c:/texlive/2017/texmf-dist/tex/generic/pgf/math/pgfmathutil.code.tex)
(c:/texlive/2017/texmf-dist/tex/generic/pgf/math/pgfmathparser.code.tex
\pgfmath@dimen=\dimen272
\pgfmath@count=\count311
\pgfmath@box=\box53
\pgfmath@toks=\toks45
\pgfmath@stack@operand=\toks46
\pgfmath@stack@operation=\toks47
)
(c:/texlive/2017/texmf-dist/tex/generic/pgf/math/pgfmathfunctions.code.tex
(c:/texlive/2017/texmf-dist/tex/generic/pgf/math/pgfmathfunctions.basic.code.te
x)
(c:/texlive/2017/texmf-dist/tex/generic/pgf/math/pgfmathfunctions.trigonometric
.code.tex)
(c:/texlive/2017/texmf-dist/tex/generic/pgf/math/pgfmathfunctions.random.code.t
ex)
(c:/texlive/2017/texmf-dist/tex/generic/pgf/math/pgfmathfunctions.comparison.co
de.tex)
(c:/texlive/2017/texmf-dist/tex/generic/pgf/math/pgfmathfunctions.base.code.tex
)
(c:/texlive/2017/texmf-dist/tex/generic/pgf/math/pgfmathfunctions.round.code.te
x)
(c:/texlive/2017/texmf-dist/tex/generic/pgf/math/pgfmathfunctions.misc.code.tex
)
(c:/texlive/2017/texmf-dist/tex/generic/pgf/math/pgfmathfunctions.integerarithm
etics.code.tex)))
(c:/texlive/2017/texmf-dist/tex/generic/pgf/math/pgfmathfloat.code.tex
\c@pgfmathroundto@lastzeros=\count312
))
(c:/texlive/2017/texmf-dist/tex/generic/pgf/basiclayer/pgfcorepoints.code.tex
File: pgfcorepoints.code.tex 2013/10/07  (rcs-revision 1.27)
\pgf@picminx=\dimen273
\pgf@picmaxx=\dimen274
\pgf@picminy=\dimen275
\pgf@picmaxy=\dimen276
\pgf@pathminx=\dimen277
\pgf@pathmaxx=\dimen278
\pgf@pathminy=\dimen279
\pgf@pathmaxy=\dimen280
\pgf@xx=\dimen281
\pgf@xy=\dimen282
\pgf@yx=\dimen283
\pgf@yy=\dimen284
\pgf@zx=\dimen285
\pgf@zy=\dimen286
)
(c:/texlive/2017/texmf-dist/tex/generic/pgf/basiclayer/pgfcorepathconstruct.cod
e.tex
File: pgfcorepathconstruct.code.tex 2013/10/07  (rcs-revision 1.29)
\pgf@path@lastx=\dimen287
\pgf@path@lasty=\dimen288
)
(c:/texlive/2017/texmf-dist/tex/generic/pgf/basiclayer/pgfcorepathusage.code.te
x
File: pgfcorepathusage.code.tex 2014/11/02  (rcs-revision 1.24)
\pgf@shorten@end@additional=\dimen289
\pgf@shorten@start@additional=\dimen290
)
(c:/texlive/2017/texmf-dist/tex/generic/pgf/basiclayer/pgfcorescopes.code.tex
File: pgfcorescopes.code.tex 2015/05/08  (rcs-revision 1.46)
\pgfpic=\box54
\pgf@hbox=\box55
\pgf@layerbox@main=\box56
\pgf@picture@serial@count=\count313
)
(c:/texlive/2017/texmf-dist/tex/generic/pgf/basiclayer/pgfcoregraphicstate.code
.tex
File: pgfcoregraphicstate.code.tex 2014/11/02  (rcs-revision 1.12)
\pgflinewidth=\dimen291
)
(c:/texlive/2017/texmf-dist/tex/generic/pgf/basiclayer/pgfcoretransformations.c
ode.tex
File: pgfcoretransformations.code.tex 2015/08/07  (rcs-revision 1.20)
\pgf@pt@x=\dimen292
\pgf@pt@y=\dimen293
\pgf@pt@temp=\dimen294
)
(c:/texlive/2017/texmf-dist/tex/generic/pgf/basiclayer/pgfcorequick.code.tex
File: pgfcorequick.code.tex 2008/10/09  (rcs-revision 1.3)
)
(c:/texlive/2017/texmf-dist/tex/generic/pgf/basiclayer/pgfcoreobjects.code.tex
File: pgfcoreobjects.code.tex 2006/10/11  (rcs-revision 1.2)
)
(c:/texlive/2017/texmf-dist/tex/generic/pgf/basiclayer/pgfcorepathprocessing.co
de.tex
File: pgfcorepathprocessing.code.tex 2013/09/09  (rcs-revision 1.9)
)
(c:/texlive/2017/texmf-dist/tex/generic/pgf/basiclayer/pgfcorearrows.code.tex
File: pgfcorearrows.code.tex 2015/05/14  (rcs-revision 1.43)
\pgfarrowsep=\dimen295
)
(c:/texlive/2017/texmf-dist/tex/generic/pgf/basiclayer/pgfcoreshade.code.tex
File: pgfcoreshade.code.tex 2013/07/15  (rcs-revision 1.15)
\pgf@max=\dimen296
\pgf@sys@shading@range@num=\count314
)
(c:/texlive/2017/texmf-dist/tex/generic/pgf/basiclayer/pgfcoreimage.code.tex
File: pgfcoreimage.code.tex 2013/07/15  (rcs-revision 1.18)

(c:/texlive/2017/texmf-dist/tex/generic/pgf/basiclayer/pgfcoreexternal.code.tex
File: pgfcoreexternal.code.tex 2014/07/09  (rcs-revision 1.21)
\pgfexternal@startupbox=\box57
))
(c:/texlive/2017/texmf-dist/tex/generic/pgf/basiclayer/pgfcorelayers.code.tex
File: pgfcorelayers.code.tex 2013/07/18  (rcs-revision 1.7)
)
(c:/texlive/2017/texmf-dist/tex/generic/pgf/basiclayer/pgfcoretransparency.code
.tex
File: pgfcoretransparency.code.tex 2013/09/30  (rcs-revision 1.5)
)
(c:/texlive/2017/texmf-dist/tex/generic/pgf/basiclayer/pgfcorepatterns.code.tex
File: pgfcorepatterns.code.tex 2013/11/07  (rcs-revision 1.5)
)))
(c:/texlive/2017/texmf-dist/tex/generic/pgf/modules/pgfmoduleshapes.code.tex
File: pgfmoduleshapes.code.tex 2014/03/21  (rcs-revision 1.35)
\pgfnodeparttextbox=\box58
)
(c:/texlive/2017/texmf-dist/tex/generic/pgf/modules/pgfmoduleplot.code.tex
File: pgfmoduleplot.code.tex 2015/08/03  (rcs-revision 1.13)
)
(c:/texlive/2017/texmf-dist/tex/latex/pgf/compatibility/pgfcomp-version-0-65.st
y
Package: pgfcomp-version-0-65 2007/07/03 v3.0.1a (rcs-revision 1.7)
\pgf@nodesepstart=\dimen297
\pgf@nodesepend=\dimen298
)
(c:/texlive/2017/texmf-dist/tex/latex/pgf/compatibility/pgfcomp-version-1-18.st
y
Package: pgfcomp-version-1-18 2007/07/23 v3.0.1a (rcs-revision 1.1)
)) (c:/texlive/2017/texmf-dist/tex/latex/pgf/utilities/pgffor.sty
(c:/texlive/2017/texmf-dist/tex/latex/pgf/utilities/pgfkeys.sty
(c:/texlive/2017/texmf-dist/tex/generic/pgf/utilities/pgfkeys.code.tex))
(c:/texlive/2017/texmf-dist/tex/latex/pgf/math/pgfmath.sty
(c:/texlive/2017/texmf-dist/tex/generic/pgf/math/pgfmath.code.tex))
(c:/texlive/2017/texmf-dist/tex/generic/pgf/utilities/pgffor.code.tex
Package: pgffor 2013/12/13 v3.0.1a (rcs-revision 1.25)

(c:/texlive/2017/texmf-dist/tex/generic/pgf/math/pgfmath.code.tex)
\pgffor@iter=\dimen299
\pgffor@skip=\dimen300
\pgffor@stack=\toks48
\pgffor@toks=\toks49
))
(c:/texlive/2017/texmf-dist/tex/generic/pgf/frontendlayer/tikz/tikz.code.tex
Package: tikz 2015/08/07 v3.0.1a (rcs-revision 1.151)

(c:/texlive/2017/texmf-dist/tex/generic/pgf/libraries/pgflibraryplothandlers.co
de.tex
File: pgflibraryplothandlers.code.tex 2013/08/31 v3.0.1a (rcs-revision 1.20)
\pgf@plot@mark@count=\count315
\pgfplotmarksize=\dimen301
)
\tikz@lastx=\dimen302
\tikz@lasty=\dimen303
\tikz@lastxsaved=\dimen304
\tikz@lastysaved=\dimen305
\tikzleveldistance=\dimen306
\tikzsiblingdistance=\dimen307
\tikz@figbox=\box59
\tikz@figbox@bg=\box60
\tikz@tempbox=\box61
\tikz@tempbox@bg=\box62
\tikztreelevel=\count316
\tikznumberofchildren=\count317
\tikznumberofcurrentchild=\count318
\tikz@fig@count=\count319

(c:/texlive/2017/texmf-dist/tex/generic/pgf/modules/pgfmodulematrix.code.tex
File: pgfmodulematrix.code.tex 2013/09/17  (rcs-revision 1.8)
\pgfmatrixcurrentrow=\count320
\pgfmatrixcurrentcolumn=\count321
\pgf@matrix@numberofcolumns=\count322
)
\tikz@expandcount=\count323

(c:/texlive/2017/texmf-dist/tex/generic/pgf/frontendlayer/tikz/libraries/tikzli
brarytopaths.code.tex
File: tikzlibrarytopaths.code.tex 2008/06/17 v3.0.1a (rcs-revision 1.2)
)))
(c:/texlive/2017/texmf-dist/tex/generic/pgf/frontendlayer/tikz/libraries/tikzli
braryshapes.geometric.code.tex
File: tikzlibraryshapes.geometric.code.tex 2008/01/09 v3.0.1a (rcs-revision 1.1
)

(c:/texlive/2017/texmf-dist/tex/generic/pgf/libraries/shapes/pgflibraryshapes.g
eometric.code.tex
File: pgflibraryshapes.geometric.code.tex 2008/06/26 v3.0.1a (rcs-revision 1.1)

))
(c:/texlive/2017/texmf-dist/tex/generic/pgf/frontendlayer/tikz/libraries/tikzli
braryarrows.code.tex
File: tikzlibraryarrows.code.tex 2008/01/09 v3.0.1a (rcs-revision 1.1)

(c:/texlive/2017/texmf-dist/tex/generic/pgf/libraries/pgflibraryarrows.code.tex
File: pgflibraryarrows.code.tex 2013/09/23 v3.0.1a (rcs-revision 1.16)
\arrowsize=\dimen308
)) (./Kursach.aux)
\openout1 = `Kursach.aux'.

LaTeX Font Info:    Checking defaults for OML/cmm/m/it on input line 92.
LaTeX Font Info:    ... okay on input line 92.
LaTeX Font Info:    Checking defaults for T1/cmr/m/n on input line 92.
LaTeX Font Info:    ... okay on input line 92.
LaTeX Font Info:    Checking defaults for OT1/cmr/m/n on input line 92.
LaTeX Font Info:    ... okay on input line 92.
LaTeX Font Info:    Checking defaults for OMS/cmsy/m/n on input line 92.
LaTeX Font Info:    ... okay on input line 92.
LaTeX Font Info:    Checking defaults for OMX/cmex/m/n on input line 92.
LaTeX Font Info:    ... okay on input line 92.
LaTeX Font Info:    Checking defaults for U/cmr/m/n on input line 92.
LaTeX Font Info:    ... okay on input line 92.
LaTeX Font Info:    Checking defaults for T2A/cmr/m/n on input line 92.
LaTeX Font Info:    ... okay on input line 92.
LaTeX Font Info:    Checking defaults for PD1/pdf/m/n on input line 92.
LaTeX Font Info:    ... okay on input line 92.
LaTeX Font Info:    Checking defaults for PU/pdf/m/n on input line 92.
LaTeX Font Info:    ... okay on input line 92.

(c:/texlive/2017/texmf-dist/tex/context/base/mkii/supp-pdf.mkii
[Loading MPS to PDF converter (version 2006.09.02).]
\scratchcounter=\count324
\scratchdimen=\dimen309
\scratchbox=\box63
\nofMPsegments=\count325
\nofMParguments=\count326
\everyMPshowfont=\toks50
\MPscratchCnt=\count327
\MPscratchDim=\dimen310
\MPnumerator=\count328
\makeMPintoPDFobject=\count329
\everyMPtoPDFconversion=\toks51
) (c:/texlive/2017/texmf-dist/tex/latex/oberdiek/epstopdf-base.sty
Package: epstopdf-base 2016/05/15 v2.6 Base part for package epstopdf

(c:/texlive/2017/texmf-dist/tex/latex/oberdiek/grfext.sty
Package: grfext 2016/05/16 v1.2 Manage graphics extensions (HO)
)
Package epstopdf-base Info: Redefining graphics rule for `.eps' on input line 4
38.
Package grfext Info: Graphics extension search list:
(grfext)             [.pdf,.png,.jpg,.mps,.jpeg,.jbig2,.jb2,.PDF,.PNG,.JPG,.JPE
G,.JBIG2,.JB2,.eps]
(grfext)             \AppendGraphicsExtensions on input line 456.

(c:/texlive/2017/texmf-dist/tex/latex/latexconfig/epstopdf-sys.cfg
File: epstopdf-sys.cfg 2010/07/13 v1.3 Configuration of (r)epstopdf for TeX Liv
e
))
*geometry* driver: auto-detecting
*geometry* detected driver: pdftex
*geometry* verbose mode - [ preamble ] result:
* driver: pdftex
* paper: a4paper
* layout: <same size as paper>
* layoutoffset:(h,v)=(0.0pt,0.0pt)
* modes: 
* h-part:(L,W,R)=(56.9055pt, 483.69687pt, 56.9055pt)
* v-part:(T,H,B)=(56.9055pt, 731.23584pt, 56.9055pt)
* \paperwidth=597.50787pt
* \paperheight=845.04684pt
* \textwidth=483.69687pt
* \textheight=731.23584pt
* \oddsidemargin=-15.36449pt
* \evensidemargin=-15.36449pt
* \topmargin=-52.36449pt
* \headheight=12.0pt
* \headsep=25.0pt
* \topskip=12.0pt
* \footskip=30.0pt
* \marginparwidth=35.0pt
* \marginparsep=10.0pt
* \columnsep=10.0pt
* \skip\footins=10.8pt plus 4.0pt minus 2.0pt
* \hoffset=0.0pt
* \voffset=0.0pt
* \mag=1000
* \@twocolumnfalse
* \@twosidefalse
* \@mparswitchfalse
* \@reversemarginfalse
* (1in=72.27pt=25.4mm, 1cm=28.453pt)

ABD: EveryShipout initializing macros
\AtBeginShipoutBox=\box64
Package hyperref Info: Link coloring ON on input line 92.

(c:/texlive/2017/texmf-dist/tex/latex/hyperref/nameref.sty
Package: nameref 2016/05/21 v2.44 Cross-referencing by name of section

(c:/texlive/2017/texmf-dist/tex/generic/oberdiek/gettitlestring.sty
Package: gettitlestring 2016/05/16 v1.5 Cleanup title references (HO)
)
\c@section@level=\count330
)
LaTeX Info: Redefining \ref on input line 92.
LaTeX Info: Redefining \pageref on input line 92.
LaTeX Info: Redefining \nameref on input line 92.

(./Kursach.out) (./Kursach.out)
\@outlinefile=\write4
\openout4 = `Kursach.out'.

Package babel Info: Redefining russian shorthand "|
(babel)             in language  on input line 137.
Package babel Info: Redefining russian shorthand "~
(babel)             in language  on input line 137.
Package babel Info: Redefining russian shorthand "|
(babel)             in language  on input line 137.
Package babel Info: Redefining russian shorthand "~
(babel)             in language  on input line 137.
 [1

{c:/texlive/2017/texmf-var/fonts/map/pdftex/updmap/pdftex.map}] (./Kursach.toc<
<ot1.cmap>><<oml.cmap>><<oms.cmap>><<omx.cmap>>
LaTeX Font Info:    Try loading font information for U+msa on input line 12.
 (c:/texlive/2017/texmf-dist/tex/latex/amsfonts/umsa.fd
File: umsa.fd 2013/01/14 v3.01 AMS symbols A
)
LaTeX Font Info:    Try loading font information for U+msb on input line 12.

(c:/texlive/2017/texmf-dist/tex/latex/amsfonts/umsb.fd
File: umsb.fd 2013/01/14 v3.01 AMS symbols B
)
LaTeX Font Info:    Try loading font information for U+rsfs on input line 12.

(c:/texlive/2017/texmf-dist/tex/latex/jknapltx/ursfs.fd
File: ursfs.fd 1998/03/24 rsfs font definition file (jk)
))
\tf@toc=\write5
\openout5 = `Kursach.toc'.

Package babel Info: Redefining russian shorthand "|
(babel)             in language  on input line 141.
Package babel Info: Redefining russian shorthand "~
(babel)             in language  on input line 141.
Package babel Info: Redefining russian shorthand "|
(babel)             in language  on input line 141.
Package babel Info: Redefining russian shorthand "~
(babel)             in language  on input line 141.
 [2]
Package babel Info: Redefining russian shorthand "|
(babel)             in language  on input line 143.
Package babel Info: Redefining russian shorthand "~
(babel)             in language  on input line 143.
Package babel Info: Redefining russian shorthand "|
(babel)             in language  on input line 206.
Package babel Info: Redefining russian shorthand "~
(babel)             in language  on input line 206.
Package babel Info: Redefining russian shorthand "|
(babel)             in language  on input line 206.
Package babel Info: Redefining russian shorthand "~
(babel)             in language  on input line 206.
 [3]
Package babel Info: Redefining russian shorthand "|
(babel)             in language  on input line 232.
Package babel Info: Redefining russian shorthand "~
(babel)             in language  on input line 232.
Package babel Info: Redefining russian shorthand "|
(babel)             in language  on input line 232.
Package babel Info: Redefining russian shorthand "~
(babel)             in language  on input line 232.
 [4]
Package babel Info: Redefining russian shorthand "|
(babel)             in language  on input line 233.
Package babel Info: Redefining russian shorthand "~
(babel)             in language  on input line 233.
<time_series.pdf, id=129, 640.3925pt x 325.215pt>
File: time_series.pdf Graphic file (type pdf)
<use time_series.pdf>
Package pdftex.def Info: time_series.pdf  used on input line 267.
(pdftex.def)             Requested size: 483.69687pt x 245.64252pt.


LaTeX Warning: `h' float specifier changed to `ht'.

Package babel Info: Redefining russian shorthand "|
(babel)             in language  on input line 277.
Package babel Info: Redefining russian shorthand "~
(babel)             in language  on input line 277.
Package babel Info: Redefining russian shorthand "|
(babel)             in language  on input line 277.
Package babel Info: Redefining russian shorthand "~
(babel)             in language  on input line 277.
[5]
Package babel Info: Redefining russian shorthand "|
(babel)             in language  on input line 278.
Package babel Info: Redefining russian shorthand "~
(babel)             in language  on input line 278.
Package babel Info: Redefining russian shorthand "|
(babel)             in language  on input line 305.
Package babel Info: Redefining russian shorthand "~
(babel)             in language  on input line 305.
Package babel Info: Redefining russian shorthand "|
(babel)             in language  on input line 305.
Package babel Info: Redefining russian shorthand "~
(babel)             in language  on input line 305.
 [6 <./time_series.pdf>]
Overfull \hbox (20.84511pt too wide) in paragraph at lines 317--318
[]\T2A/cmr/m/n/12  --- ---  -- --
----- - Ter^^Dasvirta
 []


Overfull \hbox (1.53189pt too wide) in paragraph at lines 327--328
[]\T2A/cmr/m/n/12  ---- ------  -
----- - -
 []

Package babel Info: Redefining russian shorthand "|
(babel)             in language  on input line 338.
Package babel Info: Redefining russian shorthand "~
(babel)             in language  on input line 338.
Package babel Info: Redefining russian shorthand "|
(babel)             in language  on input line 338.
Package babel Info: Redefining russian shorthand "~
(babel)             in language  on input line 338.
[7]
Overfull \hbox (34.287pt too wide) in paragraph at lines 347--348
[]\T2A/cmr/m/n/12  - ---- ---- (Extr
eme distribution shape parameter) 
 []

<extreme.png, id=186, 519.9425pt x 370.38374pt>
File: extreme.png Graphic file (type png)
<use extreme.png>
Package pdftex.def Info: extreme.png  used on input line 380.
(pdftex.def)             Requested size: 386.95897pt x 275.65082pt.

LaTeX Warning: `h' float specifier changed to `ht'.

Package babel Info: Redefining russian shorthand "|
(babel)             in language  on input line 405.
Package babel Info: Redefining russian shorthand "~
(babel)             in language  on input line 405.
Package babel Info: Redefining russian shorthand "|
(babel)             in language  on input line 405.
Package babel Info: Redefining russian shorthand "~
(babel)             in language  on input line 405.
[8]
<corr.png, id=212, 639.89063pt x 537.50812pt>
File: corr.png Graphic file (type png)
<use corr.png>
Package pdftex.def Info: corr.png  used on input line 430.
(pdftex.def)             Requested size: 435.32422pt x 365.67291pt.


LaTeX Warning: `!h' float specifier changed to `!ht'.

<umap.pdf, id=213, 843.15pt x 625.33624pt>
File: umap.pdf Graphic file (type pdf)
<use umap.pdf>
Package pdftex.def Info: umap.pdf  used on input line 441.
(pdftex.def)             Requested size: 483.69687pt x 358.74495pt.

LaTeX Warning: `!h' float specifier changed to `!ht'.

Package babel Info: Redefining russian shorthand "|
(babel)             in language  on input line 454.
Package babel Info: Redefining russian shorthand "~
(babel)             in language  on input line 454.
Package babel Info: Redefining russian shorthand "|
(babel)             in language  on input line 454.
Package babel Info: Redefining russian shorthand "~
(babel)             in language  on input line 454.
[9 <./extreme.png>]
Package babel Info: Redefining russian shorthand "|
(babel)             in language  on input line 468.
Package babel Info: Redefining russian shorthand "~
(babel)             in language  on input line 468.
Package babel Info: Redefining russian shorthand "|
(babel)             in language  on input line 468.
Package babel Info: Redefining russian shorthand "~
(babel)             in language  on input line 468.
 [10 <./corr.png (PNG copy)>]
Package babel Info: Redefining russian shorthand "|
(babel)             in language  on input line 486.
Package babel Info: Redefining russian shorthand "~
(babel)             in language  on input line 486.
Package babel Info: Redefining russian shorthand "|
(babel)             in language  on input line 486.
Package babel Info: Redefining russian shorthand "~
(babel)             in language  on input line 486.
 [11 <./umap.pdf>]
<pca.pdf, id=249, 812.03375pt x 537.00626pt>
File: pca.pdf Graphic file (type pdf)
<use pca.pdf>
Package pdftex.def Info: pca.pdf  used on input line 499.
(pdftex.def)             Requested size: 435.32422pt x 287.88138pt.
<fin_str.pdf, id=250, 867.24pt x 722.7pt>
File: fin_str.pdf Graphic file (type pdf)
<use fin_str.pdf>
Package pdftex.def Info: fin_str.pdf  used on input line 509.
(pdftex.def)             Requested size: 386.95897pt x 322.46614pt.


LaTeX Warning: `!h' float specifier changed to `!ht'.

Package babel Info: Redefining russian shorthand "|
(babel)             in language  on input line 515.
Package babel Info: Redefining russian shorthand "~
(babel)             in language  on input line 515.
Package babel Info: Redefining russian shorthand "|
(babel)             in language  on input line 515.
Package babel Info: Redefining russian shorthand "~
(babel)             in language  on input line 515.
[12 <./pca.pdf>]
Package babel Info: Redefining russian shorthand "|
(babel)             in language  on input line 516.
Package babel Info: Redefining russian shorthand "~
(babel)             in language  on input line 516.
Package babel Info: Redefining russian shorthand "|
(babel)             in language  on input line 528.
Package babel Info: Redefining russian shorthand "~
(babel)             in language  on input line 528.
Package babel Info: Redefining russian shorthand "|
(babel)             in language  on input line 528.
Package babel Info: Redefining russian shorthand "~
(babel)             in language  on input line 528.
 [13 <./fin_str.pdf>]
Overfull \hbox (2.51167pt too wide) in paragraph at lines 530--531
[]\T2A/cmr/m/n/12  - ------ - - -
 -  - -- .  [][]8[][]. 
 []

<generation_grid.pdf, id=284, 867.24pt x 722.7pt>
File: generation_grid.pdf Graphic file (type pdf)
<use generation_grid.pdf>
Package pdftex.def Info: generation_grid.pdf  used on input line 539.
(pdftex.def)             Requested size: 483.69687pt x 403.0882pt.
Package babel Info: Redefining russian shorthand "|
(babel)             in language  on input line 546.
Package babel Info: Redefining russian shorthand "~
(babel)             in language  on input line 546.
Package babel Info: Redefining russian shorthand "|
(babel)             in language  on input line 546.
Package babel Info: Redefining russian shorthand "~
(babel)             in language  on input line 546.
[14 <./generation_grid.pdf>]

LaTeX Warning: The counter will not be printed.
             The label is: \Sun  on input line 565.

LaTeX Font Info:    Try loading font information for U+ifwea on input line 565.

(c:/texlive/2017/texmf-dist/tex/latex/ifsym/uifwea.fd)
<optim.pdf, id=304, 722.7pt x 578.16pt>
File: optim.pdf Graphic file (type pdf)
<use optim.pdf>
Package pdftex.def Info: optim.pdf  used on input line 578.
(pdftex.def)             Requested size: 386.95897pt x 309.56396pt.


LaTeX Warning: `!h' float specifier changed to `!ht'.

Package babel Info: Redefining russian shorthand "|
(babel)             in language  on input line 615.
Package babel Info: Redefining russian shorthand "~
(babel)             in language  on input line 615.
Package babel Info: Redefining russian shorthand "|
(babel)             in language  on input line 615.
Package babel Info: Redefining russian shorthand "~
(babel)             in language  on input line 615.
[15]
<gen_and_neighbours.pdf, id=324, 722.7pt x 433.62pt>
File: gen_and_neighbours.pdf Graphic file (type pdf)
<use gen_and_neighbours.pdf>
Package pdftex.def Info: gen_and_neighbours.pdf  used on input line 628.
(pdftex.def)             Requested size: 435.32422pt x 261.19295pt.
Package babel Info: Redefining russian shorthand "|
(babel)             in language  on input line 632.
Package babel Info: Redefining russian shorthand "~
(babel)             in language  on input line 632.
Package babel Info: Redefining russian shorthand "|
(babel)             in language  on input line 632.
Package babel Info: Redefining russian shorthand "~
(babel)             in language  on input line 632.
 [16 <./optim.pdf>]
Package babel Info: Redefining russian shorthand "|
(babel)             in language  on input line 634.
Package babel Info: Redefining russian shorthand "~
(babel)             in language  on input line 634.
Package babel Info: Redefining russian shorthand "|
(babel)             in language  on input line 634.
Package babel Info: Redefining russian shorthand "~
(babel)             in language  on input line 634.
 [17 <./gen_and_neighbours.pdf>]
Package babel Info: Redefining russian shorthand "|
(babel)             in language  on input line 635.
Package babel Info: Redefining russian shorthand "~
(babel)             in language  on input line 635.
Package babel Info: Redefining russian shorthand "|
(babel)             in language  on input line 675.
Package babel Info: Redefining russian shorthand "~
(babel)             in language  on input line 675.
Package babel Info: Redefining russian shorthand "|
(babel)             in language  on input line 675.
Package babel Info: Redefining russian shorthand "~
(babel)             in language  on input line 675.
 [18]
Overfull \hbox (5.24562pt too wide) in paragraph at lines 688--689
[]\T2A/cmr/m/n/12  $\OML/cmm/m/it/12 ^^O[] \OMS/cmsy/m/n/12 ^^X \OML/cmm/m/i
t/12 N\OT1/cmr/m/n/12 (\OML/cmm/m/it/12 ^^V; ^^[[]\OT1/cmr/m/n/12 )$\T2A/cmr/m/
n/12 .  - - --- -  ---: $\OML/cmm/m
/it/12 ; ^^L; ^^[[]; l[]; b[]$\T2A/cmr/m/n/12 .
 []


LaTeX Warning: The counter will not be printed.
             The label is: \Sun  on input line 694.


Overfull \hbox (16.1908pt too wide) in paragraph at lines 710--711
[]\T2A/cmr/m/n/12  - --- -  ---- --
 - (ETS(A,A,A)).
 []

Package babel Info: Redefining russian shorthand "|
(babel)             in language  on input line 711.
Package babel Info: Redefining russian shorthand "~
(babel)             in language  on input line 711.
Package babel Info: Redefining russian shorthand "|
(babel)             in language  on input line 711.
Package babel Info: Redefining russian shorthand "~
(babel)             in language  on input line 711.
[19]
Package babel Info: Redefining russian shorthand "|
(babel)             in language  on input line 748.
Package babel Info: Redefining russian shorthand "~
(babel)             in language  on input line 748.
Package babel Info: Redefining russian shorthand "|
(babel)             in language  on input line 748.
Package babel Info: Redefining russian shorthand "~
(babel)             in language  on input line 748.
 [20]
Package babel Info: Redefining russian shorthand "|
(babel)             in language  on input line 750.
Package babel Info: Redefining russian shorthand "~
(babel)             in language  on input line 750.

Overfull \hbox (4.13684pt too wide) in paragraph at lines 752--753
\T2A/cmr/m/n/12  --- -- -, -- - -
 --   -.
 []


LaTeX Warning: `!h' float specifier changed to `!ht'.

Package babel Info: Redefining russian shorthand "|
(babel)             in language  on input line 827.
Package babel Info: Redefining russian shorthand "~
(babel)             in language  on input line 827.
Package babel Info: Redefining russian shorthand "|
(babel)             in language  on input line 827.
Package babel Info: Redefining russian shorthand "~
(babel)             in language  on input line 827.
[21]

LaTeX Warning: `!h' float specifier changed to `!ht'.

Package babel Info: Redefining russian shorthand "|
(babel)             in language  on input line 899.
Package babel Info: Redefining russian shorthand "~
(babel)             in language  on input line 899.
Package babel Info: Redefining russian shorthand "|
(babel)             in language  on input line 899.
Package babel Info: Redefining russian shorthand "~
(babel)             in language  on input line 899.
[22]
Package babel Info: Redefining russian shorthand "|
(babel)             in language  on input line 900.
Package babel Info: Redefining russian shorthand "~
(babel)             in language  on input line 900.
<conf.pdf, id=405, 722.7pt x 722.7pt>
File: conf.pdf Graphic file (type pdf)
<use conf.pdf>
Package pdftex.def Info: conf.pdf  used on input line 929.
(pdftex.def)             Requested size: 435.32422pt x 435.32158pt.


LaTeX Warning: `!h' float specifier changed to `!ht'.

Package babel Info: Redefining russian shorthand "|
(babel)             in language  on input line 948.
Package babel Info: Redefining russian shorthand "~
(babel)             in language  on input line 948.
Package babel Info: Redefining russian shorthand "|
(babel)             in language  on input line 948.
Package babel Info: Redefining russian shorthand "~
(babel)             in language  on input line 948.
[23]
Package babel Info: Redefining russian shorthand "|
(babel)             in language  on input line 955.
Package babel Info: Redefining russian shorthand "~
(babel)             in language  on input line 955.
Package babel Info: Redefining russian shorthand "|
(babel)             in language  on input line 955.
Package babel Info: Redefining russian shorthand "~
(babel)             in language  on input line 955.
 [24 <./conf.pdf>]
Package babel Info: Redefining russian shorthand "|
(babel)             in language  on input line 957.
Package babel Info: Redefining russian shorthand "~
(babel)             in language  on input line 957.
Package babel Info: Redefining russian shorthand "|
(babel)             in language  on input line 957.
Package babel Info: Redefining russian shorthand "~
(babel)             in language  on input line 957.
 [25]
Package babel Info: Redefining russian shorthand "|
(babel)             in language  on input line 958.
Package babel Info: Redefining russian shorthand "~
(babel)             in language  on input line 958.
Package babel Info: Redefining russian shorthand "|
(babel)             in language  on input line 966.
Package babel Info: Redefining russian shorthand "~
(babel)             in language  on input line 966.
Package babel Info: Redefining russian shorthand "|
(babel)             in language  on input line 966.
Package babel Info: Redefining russian shorthand "~
(babel)             in language  on input line 966.
 [26]
Package babel Info: Redefining russian shorthand "|
(babel)             in language  on input line 967.
Package babel Info: Redefining russian shorthand "~
(babel)             in language  on input line 967.
Package babel Info: Redefining russian shorthand "|
(babel)             in language  on input line 1020.
Package babel Info: Redefining russian shorthand "~
(babel)             in language  on input line 1020.
Package babel Info: Redefining russian shorthand "|
(babel)             in language  on input line 1020.
Package babel Info: Redefining russian shorthand "~
(babel)             in language  on input line 1020.
 [27]
Package babel Info: Redefining russian shorthand "|
(babel)             in language  on input line 1021.
Package babel Info: Redefining russian shorthand "~
(babel)             in language  on input line 1021.
Package babel Info: Redefining russian shorthand "|
(babel)             in language  on input line 1023.
Package babel Info: Redefining russian shorthand "~
(babel)             in language  on input line 1023.
Package babel Info: Redefining russian shorthand "|
(babel)             in language  on input line 1054.
Package babel Info: Redefining russian shorthand "~
(babel)             in language  on input line 1054.
Package babel Info: Redefining russian shorthand "|
(babel)             in language  on input line 1054.
Package babel Info: Redefining russian shorthand "~
(babel)             in language  on input line 1054.
 [28]
Package babel Info: Redefining russian shorthand "|
(babel)             in language  on input line 1055.
Package babel Info: Redefining russian shorthand "~
(babel)             in language  on input line 1055.
<str_1.pdf, id=524, 867.24pt x 722.7pt>
File: str_1.pdf Graphic file (type pdf)
<use str_1.pdf>
Package pdftex.def Info: str_1.pdf  used on input line 1061.
(pdftex.def)             Requested size: 386.95897pt x 322.46614pt.
<str_2.pdf, id=525, 867.24pt x 722.7pt>
File: str_2.pdf Graphic file (type pdf)
<use str_2.pdf>
Package pdftex.def Info: str_2.pdf  used on input line 1065.
(pdftex.def)             Requested size: 386.95897pt x 322.46614pt.
Package babel Info: Redefining russian shorthand "|
(babel)             in language  on input line 1071.
Package babel Info: Redefining russian shorthand "~
(babel)             in language  on input line 1071.
Package babel Info: Redefining russian shorthand "|
(babel)             in language  on input line 1071.
Package babel Info: Redefining russian shorthand "~
(babel)             in language  on input line 1071.
 [29 <./str_1.pdf> <./str_2.pdf>]
<str_3.pdf, id=548, 867.24pt x 722.7pt>
File: str_3.pdf Graphic file (type pdf)
<use str_3.pdf>
Package pdftex.def Info: str_3.pdf  used on input line 1076.
(pdftex.def)             Requested size: 338.58632pt x 282.16063pt.
<str_4.pdf, id=549, 867.24pt x 722.7pt>
File: str_4.pdf Graphic file (type pdf)
<use str_4.pdf>
Package pdftex.def Info: str_4.pdf  used on input line 1079.
(pdftex.def)             Requested size: 386.95897pt x 322.46614pt.
Package babel Info: Redefining russian shorthand "|
(babel)             in language  on input line 1085.
Package babel Info: Redefining russian shorthand "~
(babel)             in language  on input line 1085.
Package babel Info: Redefining russian shorthand "|
(babel)             in language  on input line 1085.
Package babel Info: Redefining russian shorthand "~
(babel)             in language  on input line 1085.

[30 <./str_3.pdf> <./str_4.pdf>]
<str_5.pdf, id=573, 867.24pt x 722.7pt>
File: str_5.pdf Graphic file (type pdf)
<use str_5.pdf>
Package pdftex.def Info: str_5.pdf  used on input line 1091.
(pdftex.def)             Requested size: 386.95897pt x 322.46614pt.
<str_6.pdf, id=574, 867.24pt x 722.7pt>
File: str_6.pdf Graphic file (type pdf)
<use str_6.pdf>
Package pdftex.def Info: str_6.pdf  used on input line 1094.
(pdftex.def)             Requested size: 386.95897pt x 322.46614pt.
Package babel Info: Redefining russian shorthand "|
(babel)             in language  on input line 1102.
Package babel Info: Redefining russian shorthand "~
(babel)             in language  on input line 1102.
Package babel Info: Redefining russian shorthand "|
(babel)             in language  on input line 1102.
Package babel Info: Redefining russian shorthand "~
(babel)             in language  on input line 1102.
 [31 <./str_5.pdf> <./str_6.pdf>]
Package babel Info: Redefining russian shorthand "|
(babel)             in language  on input line 1103.
Package babel Info: Redefining russian shorthand "~
(babel)             in language  on input line 1103.
<all_gen.pdf, id=597, 867.24pt x 1156.32pt>
File: all_gen.pdf Graphic file (type pdf)
<use all_gen.pdf>
Package pdftex.def Info: all_gen.pdf  used on input line 1109.
(pdftex.def)             Requested size: 483.69687pt x 644.94113pt.
Package babel Info: Redefining russian shorthand "|
(babel)             in language  on input line 1116.
Package babel Info: Redefining russian shorthand "~
(babel)             in language  on input line 1116.
Package babel Info: Redefining russian shorthand "|
(babel)             in language  on input line 1116.
Package babel Info: Redefining russian shorthand "~
(babel)             in language  on input line 1116.
 [32 <./all_gen.pdf>]
Package babel Info: Redefining russian shorthand "|
(babel)             in language  on input line 1117.
Package babel Info: Redefining russian shorthand "~
(babel)             in language  on input line 1117.
<image1.png, id=618, 722.7pt x 578.16pt>
File: image1.png Graphic file (type png)
<use image1.png>
Package pdftex.def Info: image1.png  used on input line 1120.
(pdftex.def)             Requested size: 722.69823pt x 578.15858pt.
 <./image1.png (PNG copy)> <a0,fr0>
<image2.png, id=626, 722.7pt x 578.16pt>
File: image2.png Graphic file (type png)
<use image2.png>
Package pdftex.def Info: image2.png  used on input line 1120.
(pdftex.def)             Requested size: 722.69823pt x 578.15858pt.
 <./image2.png (PNG copy)> <a0,fr1>
<image3.png, id=634, 722.7pt x 578.16pt>
File: image3.png Graphic file (type png)
<use image3.png>
Package pdftex.def Info: image3.png  used on input line 1120.
(pdftex.def)             Requested size: 722.69823pt x 578.15858pt.
 <./image3.png (PNG copy)> <a0,fr2>
<image4.png, id=642, 722.7pt x 578.16pt>
File: image4.png Graphic file (type png)
<use image4.png>
Package pdftex.def Info: image4.png  used on input line 1120.
(pdftex.def)             Requested size: 722.69823pt x 578.15858pt.
 <./image4.png (PNG copy)> <a0,fr3>
<image5.png, id=650, 722.7pt x 578.16pt>
File: image5.png Graphic file (type png)
<use image5.png>
Package pdftex.def Info: image5.png  used on input line 1120.
(pdftex.def)             Requested size: 722.69823pt x 578.15858pt.
 <./image5.png (PNG copy)> <a0,fr4>
<image6.png, id=658, 722.7pt x 578.16pt>
File: image6.png Graphic file (type png)
<use image6.png>
Package pdftex.def Info: image6.png  used on input line 1120.
(pdftex.def)             Requested size: 722.69823pt x 578.15858pt.
 <./image6.png (PNG copy)> <a0,fr5>
<image7.png, id=666, 722.7pt x 578.16pt>
File: image7.png Graphic file (type png)
<use image7.png>
Package pdftex.def Info: image7.png  used on input line 1120.
(pdftex.def)             Requested size: 722.69823pt x 578.15858pt.
 <./image7.png (PNG copy)> <a0,fr6>
<image8.png, id=674, 722.7pt x 578.16pt>
File: image8.png Graphic file (type png)
<use image8.png>
Package pdftex.def Info: image8.png  used on input line 1120.
(pdftex.def)             Requested size: 722.69823pt x 578.15858pt.
 <./image8.png (PNG copy)> <a0,fr7>
<image9.png, id=682, 722.7pt x 578.16pt>
File: image9.png Graphic file (type png)
<use image9.png>
Package pdftex.def Info: image9.png  used on input line 1120.
(pdftex.def)             Requested size: 722.69823pt x 578.15858pt.
 <./image9.png (PNG copy)>
<a0,fr8>
Package babel Info: Redefining russian shorthand "|
(babel)             in language  on input line 1124.
Package babel Info: Redefining russian shorthand "~
(babel)             in language  on input line 1124.
Package babel Info: Redefining russian shorthand "|
(babel)             in language  on input line 1124.
Package babel Info: Redefining russian shorthand "~
(babel)             in language  on input line 1124.
 [33]
Package babel Info: Redefining russian shorthand "|
(babel)             in language  on input line 1125.
Package babel Info: Redefining russian shorthand "~
(babel)             in language  on input line 1125.
<smape.pdf, id=712, 939.51pt x 1156.32pt>
File: smape.pdf Graphic file (type pdf)
<use smape.pdf>
Package pdftex.def Info: smape.pdf  used on input line 1135.
(pdftex.def)             Requested size: 483.69687pt x 595.30855pt.


Package movie15 Warning: @@@@@@@@@@@@@@@@@@@@@@@@@@@@@@@@@@@@@@@
(movie15)                @@ Package `movie15' is obsolete and @@
(movie15)                @@ superseded by `media9'.           @@
(movie15)                @@@@@@@@@@@@@@@@@@@@@@@@@@@@@@@@@@@@@@@.

Package babel Info: Redefining russian shorthand "|
(babel)             in language  on input line 1140.
Package babel Info: Redefining russian shorthand "~
(babel)             in language  on input line 1140.
Package babel Info: Redefining russian shorthand "|
(babel)             in language  on input line 1140.
Package babel Info: Redefining russian shorthand "~
(babel)             in language  on input line 1140.
[34 <./smape.pdf>]
Package atveryend Info: Empty hook `BeforeClearDocument' on input line 1140.
Package atveryend Info: Empty hook `AfterLastShipout' on input line 1140.
 (./Kursach.aux)
Package atveryend Info: Executing hook `AtVeryEndDocument' on input line 1140.
Package atveryend Info: Executing hook `AtEndAfterFileList' on input line 1140.

Package rerunfilecheck Info: File `Kursach.out' has not changed.
(rerunfilecheck)             Checksum: 32D3D6D3483263A646AE5D873B2F1561;2938.
Package atveryend Info: Empty hook `AtVeryVeryEnd' on input line 1140.
 ) 
Here is how much of TeX's memory you used:
 33270 strings out of 492982
 602481 string characters out of 6136225
 722003 words of memory out of 5000000
 36118 multiletter control sequences out of 15000+600000
 548265 words of font info for 72 fonts, out of 8000000 for 9000
 1141 hyphenation exceptions out of 8191
 55i,15n,61p,10392b,745s stack positions out of 5000i,500n,10000p,200000b,80000s
{c:/texlive/2017/texmf-dist/fonts/enc/dvips/cm-super/cm-super-t2a.enc} <c:/Us
ers/The_sun/.texlive2017/texmf-var/fonts/pk/ljfour/public/ifsym/ifwea10.720pk><
c:/texlive/2017/texmf-dist/fonts/type1/public/amsfonts/cm/cmex10.pfb><c:/texliv
e/2017/texmf-dist/fonts/type1/public/amsfonts/cm/cmmi12.pfb><c:/texlive/2017/te
xmf-dist/fonts/type1/public/amsfonts/cm/cmmi6.pfb><c:/texlive/2017/texmf-dist/f
onts/type1/public/amsfonts/cm/cmmi8.pfb><c:/texlive/2017/texmf-dist/fonts/type1
/public/amsfonts/cm/cmr12.pfb><c:/texlive/2017/texmf-dist/fonts/type1/public/am
sfonts/cm/cmr6.pfb><c:/texlive/2017/texmf-dist/fonts/type1/public/amsfonts/cm/c
mr8.pfb><c:/texlive/2017/texmf-dist/fonts/type1/public/amsfonts/cm/cmsy10.pfb><
c:/texlive/2017/texmf-dist/fonts/type1/public/amsfonts/cm/cmsy8.pfb><c:/texlive
/2017/texmf-dist/fonts/type1/public/cm-super/sfbx1200.pfb><c:/texlive/2017/texm
f-dist/fonts/type1/public/cm-super/sfbx1440.pfb><c:/texlive/2017/texmf-dist/fon
ts/type1/public/cm-super/sfbx1728.pfb><c:/texlive/2017/texmf-dist/fonts/type1/p
ublic/cm-super/sfrm0700.pfb><c:/texlive/2017/texmf-dist/fonts/type1/public/cm-s
uper/sfrm0800.pfb><c:/texlive/2017/texmf-dist/fonts/type1/public/cm-super/sfrm1
000.pfb><c:/texlive/2017/texmf-dist/fonts/type1/public/cm-super/sfrm1200.pfb>
Output written on Kursach.pdf (34 pages, 25347247 bytes).
PDF statistics:
 820 PDF objects out of 1000 (max. 8388607)
 597 compressed objects within 6 object streams
 151 named destinations out of 1000 (max. 500000)
 512 words of extra memory for PDF output out of 10000 (max. 10000000)

